[debug] [2021-02-22T07:27:43.612Z] ----------------------------------------------------------------------
[debug] [2021-02-22T07:27:43.614Z] Command:       C:\Program Files\nodejs\node.exe C:\Users\yes-nb-072\AppData\Roaming\npm\node_modules\firebase-tools\lib\bin\firebase.js serve
[debug] [2021-02-22T07:27:43.615Z] CLI Version:   9.4.0
[debug] [2021-02-22T07:27:43.615Z] Platform:      win32
[debug] [2021-02-22T07:27:43.615Z] Node Version:  v14.15.4
[debug] [2021-02-22T07:27:43.617Z] Time:          Mon Feb 22 2021 16:27:43 GMT+0900 (대한민국 표준시)
[debug] [2021-02-22T07:27:43.617Z] ----------------------------------------------------------------------
[debug] [2021-02-22T07:27:43.617Z] 
[debug] [2021-02-22T07:27:43.627Z] > command requires scopes: ["email","openid","https://www.googleapis.com/auth/cloudplatformprojects.readonly","https://www.googleapis.com/auth/firebase","https://www.googleapis.com/auth/cloud-platform"]
[debug] [2021-02-22T07:27:43.628Z] > authorizing via signed-in user
[debug] [2021-02-22T07:27:43.628Z] [iam] checking project memi-vf2-84cfb for permissions ["firebase.projects.get"]
[debug] [2021-02-22T07:27:43.631Z] > refreshing access token with scopes: ["email","https://www.googleapis.com/auth/cloud-platform","https://www.googleapis.com/auth/cloudplatformprojects.readonly","https://www.googleapis.com/auth/firebase","openid"]
[debug] [2021-02-22T07:27:43.631Z] >>> HTTP REQUEST POST https://www.googleapis.com/oauth2/v3/token  
 <request body omitted>
[debug] [2021-02-22T07:27:43.844Z] <<< HTTP RESPONSE 200 {"pragma":"no-cache","date":"Mon, 22 Feb 2021 07:27:42 GMT","expires":"Mon, 01 Jan 1990 00:00:00 GMT","cache-control":"no-cache, no-store, max-age=0, must-revalidate","content-type":"application/json; charset=utf-8","vary":"X-Origin, Referer, Origin,Accept-Encoding","server":"scaffolding on HTTPServer2","x-xss-protection":"0","x-frame-options":"SAMEORIGIN","x-content-type-options":"nosniff","alt-svc":"h3-29=\":443\"; ma=2592000,h3-T051=\":443\"; ma=2592000,h3-Q050=\":443\"; ma=2592000,h3-Q046=\":443\"; ma=2592000,h3-Q043=\":443\"; ma=2592000,quic=\":443\"; ma=2592000; v=\"46,43\"","accept-ranges":"none","transfer-encoding":"chunked"}
[debug] [2021-02-22T07:27:43.853Z] >>> HTTP REQUEST POST https://cloudresourcemanager.googleapis.com/v1/projects/memi-vf2-84cfb:testIamPermissions  
 {"permissions":["firebase.projects.get"]}
[debug] [2021-02-22T07:27:44.795Z] <<< HTTP RESPONSE 200 {"content-type":"application/json; charset=UTF-8","vary":"X-Origin, Referer, Origin,Accept-Encoding","date":"Mon, 22 Feb 2021 07:27:42 GMT","server":"ESF","cache-control":"private","x-xss-protection":"0","x-frame-options":"SAMEORIGIN","x-content-type-options":"nosniff","server-timing":"gfet4t7; dur=782","alt-svc":"h3-29=\":443\"; ma=2592000,h3-T051=\":443\"; ma=2592000,h3-Q050=\":443\"; ma=2592000,h3-Q046=\":443\"; ma=2592000,h3-Q043=\":443\"; ma=2592000,quic=\":443\"; ma=2592000; v=\"46,43\"","accept-ranges":"none","transfer-encoding":"chunked"}
[debug] [2021-02-22T07:27:44.797Z] > refreshing access token with scopes: []
[debug] [2021-02-22T07:27:44.797Z] >>> HTTP REQUEST POST https://www.googleapis.com/oauth2/v3/token  
 <request body omitted>
[debug] [2021-02-22T07:27:44.986Z] <<< HTTP RESPONSE 200 {"expires":"Mon, 01 Jan 1990 00:00:00 GMT","date":"Mon, 22 Feb 2021 07:27:43 GMT","pragma":"no-cache","cache-control":"no-cache, no-store, max-age=0, must-revalidate","content-type":"application/json; charset=utf-8","vary":"X-Origin, Referer, Origin,Accept-Encoding","server":"scaffolding on HTTPServer2","x-xss-protection":"0","x-frame-options":"SAMEORIGIN","x-content-type-options":"nosniff","alt-svc":"h3-29=\":443\"; ma=2592000,h3-T051=\":443\"; ma=2592000,h3-Q050=\":443\"; ma=2592000,h3-Q046=\":443\"; ma=2592000,h3-Q043=\":443\"; ma=2592000,quic=\":443\"; ma=2592000; v=\"46,43\"","accept-ranges":"none","transfer-encoding":"chunked"}
[debug] [2021-02-22T07:27:44.995Z] >>> [apiv2][query] GET https://firebase.googleapis.com/v1beta1/projects/memi-vf2-84cfb [none]
[debug] [2021-02-22T07:27:45.582Z] <<< [apiv2][status] GET https://firebase.googleapis.com/v1beta1/projects/memi-vf2-84cfb 200
[debug] [2021-02-22T07:27:45.582Z] <<< [apiv2][body] GET https://firebase.googleapis.com/v1beta1/projects/memi-vf2-84cfb {"projectId":"memi-vf2-84cfb","projectNumber":"748118252645","displayName":"memi-vf2","name":"projects/memi-vf2-84cfb","resources":{"hostingSite":"memi-vf2-84cfb","realtimeDatabaseInstance":"memi-vf2-84cfb-default-rtdb","storageBucket":"memi-vf2-84cfb.appspot.com","locationId":"asia-northeast3"},"state":"ACTIVE"}
[info] 
[info] === Serving from 'C:\Users\yes-nb-072\Desktop\vf2'...
[info] 
[debug] [2021-02-22T07:27:45.586Z] >>> [apiv2][query] GET https://firebase.googleapis.com/v1beta1/projects/memi-vf2-84cfb/webApps/-/config [none]
[warn] !  Your requested "node" version "12" doesn't match your global version "14" {"metadata":{"emulator":{"name":"functions"},"message":"Your requested \"node\" version \"12\" doesn't match your global version \"14\""}}
[debug] [2021-02-22T07:27:45.603Z] defaultcredentials: writing to file C:\Users\yes-nb-072\AppData\Roaming\firebase\chatickerr_gmail_com_application_default_credentials.json
[debug] [2021-02-22T07:27:45.605Z] Setting GAC to C:\Users\yes-nb-072\AppData\Roaming\firebase\chatickerr_gmail_com_application_default_credentials.json {"metadata":{"emulator":{"name":"functions"},"message":"Setting GAC to C:\\Users\\yes-nb-072\\AppData\\Roaming\\firebase\\chatickerr_gmail_com_application_default_credentials.json"}}
[debug] [2021-02-22T07:27:45.605Z] >>> [apiv2][query] GET https://firebase.googleapis.com/v1beta1/projects/memi-vf2-84cfb/adminSdkConfig [none]
[debug] [2021-02-22T07:27:46.113Z] <<< [apiv2][status] GET https://firebase.googleapis.com/v1beta1/projects/memi-vf2-84cfb/adminSdkConfig 200
[debug] [2021-02-22T07:27:46.113Z] <<< [apiv2][body] GET https://firebase.googleapis.com/v1beta1/projects/memi-vf2-84cfb/adminSdkConfig {"projectId":"memi-vf2-84cfb","databaseURL":"https://memi-vf2-84cfb-default-rtdb.firebaseio.com","storageBucket":"memi-vf2-84cfb.appspot.com","locationId":"asia-northeast3"}
[debug] [2021-02-22T07:27:46.910Z] <<< [apiv2][status] GET https://firebase.googleapis.com/v1beta1/projects/memi-vf2-84cfb/webApps/-/config 200
[debug] [2021-02-22T07:27:46.910Z] <<< [apiv2][body] GET https://firebase.googleapis.com/v1beta1/projects/memi-vf2-84cfb/webApps/-/config {"projectId":"memi-vf2-84cfb","appId":"1:748118252645:web:da42588fd40d0253abba8c","databaseURL":"https://memi-vf2-84cfb-default-rtdb.firebaseio.com","storageBucket":"memi-vf2-84cfb.appspot.com","locationId":"asia-northeast3","apiKey":"AIzaSyA4DcYAMv62biv6Hi4gl__GYThH5yp3CX4","authDomain":"memi-vf2-84cfb.firebaseapp.com","messagingSenderId":"748118252645"}
[info] i  functions: Watching "C:\Users\yes-nb-072\Desktop\vf2\functions" for Cloud Functions... {"metadata":{"emulator":{"name":"functions"},"message":"Watching \"C:\\Users\\yes-nb-072\\Desktop\\vf2\\functions\" for Cloud Functions..."}}
[debug] [2021-02-22T07:27:46.951Z] [worker-pool] addWorker(~diagnostic~) {"metadata":{"emulator":{"name":"functions"},"message":"[worker-pool] addWorker(~diagnostic~)"}}
[debug] [2021-02-22T07:27:46.952Z] [worker-pool] Adding worker with key ~diagnostic~, total=1 {"metadata":{"emulator":{"name":"functions"},"message":"[worker-pool] Adding worker with key ~diagnostic~, total=1"}}
[debug] [2021-02-22T07:27:46.952Z] [worker-pool] submitWork(triggerId=) {"metadata":{"emulator":{"name":"functions"},"message":"[worker-pool] submitWork(triggerId=)"}}
[debug] [2021-02-22T07:27:46.952Z] [worker-~diagnostic~-09cd85ca-9838-407c-976f-be5ceda546b0]: Assigning socketPath: \\?\pipe\C:\Users\yes-nb-072\Desktop\vf2\functions\14312 {"metadata":{"emulator":{"name":"functions"},"message":"[worker-~diagnostic~-09cd85ca-9838-407c-976f-be5ceda546b0]: Assigning socketPath: \\\\?\\pipe\\C:\\Users\\yes-nb-072\\Desktop\\vf2\\functions\\14312"}}
[debug] [2021-02-22T07:27:46.952Z] [worker-~diagnostic~-09cd85ca-9838-407c-976f-be5ceda546b0]: BUSY {"metadata":{"emulator":{"name":"functions"},"message":"[worker-~diagnostic~-09cd85ca-9838-407c-976f-be5ceda546b0]: BUSY"}}
[info] i  hosting: Serving hosting files from: dist {"metadata":{"emulator":{"name":"hosting"},"message":"Serving hosting files from: \u001b[1mdist\u001b[22m"}}
[info] +  hosting: Local server: http://localhost:5000 {"metadata":{"emulator":{"name":"hosting"},"message":"Local server: \u001b[4m\u001b[1mhttp://localhost:5000\u001b[22m\u001b[24m"}}
[debug] [2021-02-22T07:27:47.278Z] [runtime-status] [14312] Functions runtime initialized. {"cwd":"C:\\Users\\yes-nb-072\\Desktop\\vf2\\functions","node_version":"14.15.4"} {"metadata":{"emulator":{"name":"functions"},"message":"[runtime-status] [14312] Functions runtime initialized. {\"cwd\":\"C:\\\\Users\\\\yes-nb-072\\\\Desktop\\\\vf2\\\\functions\",\"node_version\":\"14.15.4\"}"}}
[debug] [2021-02-22T07:27:47.279Z] [runtime-status] [14312] Disabled runtime features: undefined {"metadata":{"emulator":{"name":"functions"},"message":"[runtime-status] [14312] Disabled runtime features: undefined"}}
[debug] [2021-02-22T07:27:47.284Z] [runtime-status] [14312] Resolved module firebase-admin {"declared":true,"installed":true,"version":"9.5.0","resolution":"C:\\Users\\yes-nb-072\\Desktop\\vf2\\functions\\node_modules\\firebase-admin\\lib\\index.js"} {"metadata":{"emulator":{"name":"functions"},"message":"[runtime-status] [14312] Resolved module firebase-admin {\"declared\":true,\"installed\":true,\"version\":\"9.5.0\",\"resolution\":\"C:\\\\Users\\\\yes-nb-072\\\\Desktop\\\\vf2\\\\functions\\\\node_modules\\\\firebase-admin\\\\lib\\\\index.js\"}"}}
[debug] [2021-02-22T07:27:47.287Z] [runtime-status] [14312] Resolved module firebase-functions {"declared":true,"installed":true,"version":"3.13.1","resolution":"C:\\Users\\yes-nb-072\\Desktop\\vf2\\functions\\node_modules\\firebase-functions\\lib\\index.js"} {"metadata":{"emulator":{"name":"functions"},"message":"[runtime-status] [14312] Resolved module firebase-functions {\"declared\":true,\"installed\":true,\"version\":\"3.13.1\",\"resolution\":\"C:\\\\Users\\\\yes-nb-072\\\\Desktop\\\\vf2\\\\functions\\\\node_modules\\\\firebase-functions\\\\lib\\\\index.js\"}"}}
[debug] [2021-02-22T07:27:47.289Z] [runtime-status] [14312] Resolved module firebase-functions {"declared":true,"installed":true,"version":"3.13.1","resolution":"C:\\Users\\yes-nb-072\\Desktop\\vf2\\functions\\node_modules\\firebase-functions\\lib\\index.js"} {"metadata":{"emulator":{"name":"functions"},"message":"[runtime-status] [14312] Resolved module firebase-functions {\"declared\":true,\"installed\":true,\"version\":\"3.13.1\",\"resolution\":\"C:\\\\Users\\\\yes-nb-072\\\\Desktop\\\\vf2\\\\functions\\\\node_modules\\\\firebase-functions\\\\lib\\\\index.js\"}"}}
[debug] [2021-02-22T07:27:47.291Z] [runtime-status] [14312] Outgoing network have been stubbed. [{"name":"http","status":"mocked"},{"name":"http","status":"mocked"},{"name":"https","status":"mocked"},{"name":"https","status":"mocked"},{"name":"net","status":"mocked"}] {"metadata":{"emulator":{"name":"functions"},"message":"[runtime-status] [14312] Outgoing network have been stubbed. [{\"name\":\"http\",\"status\":\"mocked\"},{\"name\":\"http\",\"status\":\"mocked\"},{\"name\":\"https\",\"status\":\"mocked\"},{\"name\":\"https\",\"status\":\"mocked\"},{\"name\":\"net\",\"status\":\"mocked\"}]"}}
[debug] [2021-02-22T07:27:47.292Z] [runtime-status] [14312] Resolved module firebase-functions {"declared":true,"installed":true,"version":"3.13.1","resolution":"C:\\Users\\yes-nb-072\\Desktop\\vf2\\functions\\node_modules\\firebase-functions\\lib\\index.js"} {"metadata":{"emulator":{"name":"functions"},"message":"[runtime-status] [14312] Resolved module firebase-functions {\"declared\":true,\"installed\":true,\"version\":\"3.13.1\",\"resolution\":\"C:\\\\Users\\\\yes-nb-072\\\\Desktop\\\\vf2\\\\functions\\\\node_modules\\\\firebase-functions\\\\lib\\\\index.js\"}"}}
[debug] [2021-02-22T07:27:47.376Z] [runtime-status] [14312] Checked functions.config() {"config":{}} {"metadata":{"emulator":{"name":"functions"},"message":"[runtime-status] [14312] Checked functions.config() {\"config\":{}}"}}
[debug] [2021-02-22T07:27:47.377Z] [runtime-status] [14312] firebase-functions has been stubbed. {"functionsResolution":{"declared":true,"installed":true,"version":"3.13.1","resolution":"C:\\Users\\yes-nb-072\\Desktop\\vf2\\functions\\node_modules\\firebase-functions\\lib\\index.js"}} {"metadata":{"emulator":{"name":"functions"},"message":"[runtime-status] [14312] firebase-functions has been stubbed. {\"functionsResolution\":{\"declared\":true,\"installed\":true,\"version\":\"3.13.1\",\"resolution\":\"C:\\\\Users\\\\yes-nb-072\\\\Desktop\\\\vf2\\\\functions\\\\node_modules\\\\firebase-functions\\\\lib\\\\index.js\"}}"}}
[debug] [2021-02-22T07:27:47.377Z] [runtime-status] [14312] Resolved module firebase-functions {"declared":true,"installed":true,"version":"3.13.1","resolution":"C:\\Users\\yes-nb-072\\Desktop\\vf2\\functions\\node_modules\\firebase-functions\\lib\\index.js"} {"metadata":{"emulator":{"name":"functions"},"message":"[runtime-status] [14312] Resolved module firebase-functions {\"declared\":true,\"installed\":true,\"version\":\"3.13.1\",\"resolution\":\"C:\\\\Users\\\\yes-nb-072\\\\Desktop\\\\vf2\\\\functions\\\\node_modules\\\\firebase-functions\\\\lib\\\\index.js\"}"}}
[debug] [2021-02-22T07:27:47.379Z] [runtime-status] [14312] Resolved module firebase-admin {"declared":true,"installed":true,"version":"9.5.0","resolution":"C:\\Users\\yes-nb-072\\Desktop\\vf2\\functions\\node_modules\\firebase-admin\\lib\\index.js"} {"metadata":{"emulator":{"name":"functions"},"message":"[runtime-status] [14312] Resolved module firebase-admin {\"declared\":true,\"installed\":true,\"version\":\"9.5.0\",\"resolution\":\"C:\\\\Users\\\\yes-nb-072\\\\Desktop\\\\vf2\\\\functions\\\\node_modules\\\\firebase-admin\\\\lib\\\\index.js\"}"}}
[debug] [2021-02-22T07:27:47.380Z] [runtime-status] [14312] Resolved module firebase-functions {"declared":true,"installed":true,"version":"3.13.1","resolution":"C:\\Users\\yes-nb-072\\Desktop\\vf2\\functions\\node_modules\\firebase-functions\\lib\\index.js"} {"metadata":{"emulator":{"name":"functions"},"message":"[runtime-status] [14312] Resolved module firebase-functions {\"declared\":true,\"installed\":true,\"version\":\"3.13.1\",\"resolution\":\"C:\\\\Users\\\\yes-nb-072\\\\Desktop\\\\vf2\\\\functions\\\\node_modules\\\\firebase-functions\\\\lib\\\\index.js\"}"}}
[debug] [2021-02-22T07:27:47.380Z] [runtime-status] [14312] firebase-admin has been stubbed. {"adminResolution":{"declared":true,"installed":true,"version":"9.5.0","resolution":"C:\\Users\\yes-nb-072\\Desktop\\vf2\\functions\\node_modules\\firebase-admin\\lib\\index.js"}} {"metadata":{"emulator":{"name":"functions"},"message":"[runtime-status] [14312] firebase-admin has been stubbed. {\"adminResolution\":{\"declared\":true,\"installed\":true,\"version\":\"9.5.0\",\"resolution\":\"C:\\\\Users\\\\yes-nb-072\\\\Desktop\\\\vf2\\\\functions\\\\node_modules\\\\firebase-admin\\\\lib\\\\index.js\"}}"}}
[warn] !  It looks like you're trying to access functions.config().admin but there is no value there. You can learn more about setting up config here: https://firebase.google.com/docs/functions/local-emulator {"metadata":{"emulator":{"name":"functions"},"message":"It looks like you're trying to access functions.config().admin but there is no value there. You can learn more about setting up config here: https://firebase.google.com/docs/functions/local-emulator"}}
[warn] !  TypeError: Cannot read property 'region' of undefined
    at Object.<anonymous> (C:\Users\yes-nb-072\Desktop\vf2\functions\index.js:4:40)
    at Module._compile (internal/modules/cjs/loader.js:1063:30)
    at Object.Module._extensions..js (internal/modules/cjs/loader.js:1092:10)
    at Module.load (internal/modules/cjs/loader.js:928:32)
    at Function.Module._load (internal/modules/cjs/loader.js:769:14)
    at Module.require (internal/modules/cjs/loader.js:952:19)
    at require (internal/modules/cjs/helpers.js:88:18)
    at initializeRuntime (C:\Users\yes-nb-072\AppData\Roaming\npm\node_modules\firebase-tools\lib\emulator\functionsEmulatorRuntime.js:678:29)
    at processTicksAndRejections (internal/process/task_queues.js:93:5)
    at async handleMessage (C:\Users\yes-nb-072\AppData\Roaming\npm\node_modules\firebase-tools\lib\emulator\functionsEmulatorRuntime.js:716:20) {"metadata":{"emulator":{"name":"functions"},"message":"TypeError: Cannot read property 'region' of undefined\n    at Object.<anonymous> (C:\\Users\\yes-nb-072\\Desktop\\vf2\\functions\\index.js:4:40)\n    at Module._compile (internal/modules/cjs/loader.js:1063:30)\n    at Object.Module._extensions..js (internal/modules/cjs/loader.js:1092:10)\n    at Module.load (internal/modules/cjs/loader.js:928:32)\n    at Function.Module._load (internal/modules/cjs/loader.js:769:14)\n    at Module.require (internal/modules/cjs/loader.js:952:19)\n    at require (internal/modules/cjs/helpers.js:88:18)\n    at initializeRuntime (C:\\Users\\yes-nb-072\\AppData\\Roaming\\npm\\node_modules\\firebase-tools\\lib\\emulator\\functionsEmulatorRuntime.js:678:29)\n    at processTicksAndRejections (internal/process/task_queues.js:93:5)\n    at async handleMessage (C:\\Users\\yes-nb-072\\AppData\\Roaming\\npm\\node_modules\\firebase-tools\\lib\\emulator\\functionsEmulatorRuntime.js:716:20)"}}
[warn] !  We were unable to load your functions code. (see above) {"metadata":{"emulator":{"name":"functions"}}}
[debug] [2021-02-22T07:27:47.410Z] [worker-~diagnostic~-09cd85ca-9838-407c-976f-be5ceda546b0]: exited {"metadata":{"emulator":{"name":"functions"},"message":"[worker-~diagnostic~-09cd85ca-9838-407c-976f-be5ceda546b0]: exited"}}
[debug] [2021-02-22T07:27:47.411Z] [worker-~diagnostic~-09cd85ca-9838-407c-976f-be5ceda546b0]: FINISHED {"metadata":{"emulator":{"name":"functions"},"message":"[worker-~diagnostic~-09cd85ca-9838-407c-976f-be5ceda546b0]: FINISHED"}}
[debug] [2021-02-22T07:28:31.129Z] ----------------------------------------------------------------------
[debug] [2021-02-22T07:28:31.131Z] Command:       C:\Program Files\nodejs\node.exe C:\Users\yes-nb-072\AppData\Roaming\npm\node_modules\firebase-tools\lib\bin\firebase.js serve
[debug] [2021-02-22T07:28:31.132Z] CLI Version:   9.4.0
[debug] [2021-02-22T07:28:31.132Z] Platform:      win32
[debug] [2021-02-22T07:28:31.132Z] Node Version:  v14.15.4
[debug] [2021-02-22T07:28:31.134Z] Time:          Mon Feb 22 2021 16:28:31 GMT+0900 (대한민국 표준시)
[debug] [2021-02-22T07:28:31.134Z] ----------------------------------------------------------------------
[debug] [2021-02-22T07:28:31.134Z] 
[debug] [2021-02-22T07:28:31.144Z] > command requires scopes: ["email","openid","https://www.googleapis.com/auth/cloudplatformprojects.readonly","https://www.googleapis.com/auth/firebase","https://www.googleapis.com/auth/cloud-platform"]
[debug] [2021-02-22T07:28:31.145Z] > authorizing via signed-in user
[debug] [2021-02-22T07:28:31.145Z] [iam] checking project memi-vf2-84cfb for permissions ["firebase.projects.get"]
[debug] [2021-02-22T07:28:31.147Z] > refreshing access token with scopes: ["email","https://www.googleapis.com/auth/cloud-platform","https://www.googleapis.com/auth/cloudplatformprojects.readonly","https://www.googleapis.com/auth/firebase","openid"]
[debug] [2021-02-22T07:28:31.147Z] >>> HTTP REQUEST POST https://www.googleapis.com/oauth2/v3/token  
 <request body omitted>
[debug] [2021-02-22T07:28:31.383Z] <<< HTTP RESPONSE 200 {"cache-control":"no-cache, no-store, max-age=0, must-revalidate","expires":"Mon, 01 Jan 1990 00:00:00 GMT","date":"Mon, 22 Feb 2021 07:28:29 GMT","pragma":"no-cache","content-type":"application/json; charset=utf-8","vary":"X-Origin, Referer, Origin,Accept-Encoding","server":"scaffolding on HTTPServer2","x-xss-protection":"0","x-frame-options":"SAMEORIGIN","x-content-type-options":"nosniff","alt-svc":"h3-29=\":443\"; ma=2592000,h3-T051=\":443\"; ma=2592000,h3-Q050=\":443\"; ma=2592000,h3-Q046=\":443\"; ma=2592000,h3-Q043=\":443\"; ma=2592000,quic=\":443\"; ma=2592000; v=\"46,43\"","accept-ranges":"none","transfer-encoding":"chunked"}
[debug] [2021-02-22T07:28:31.392Z] >>> HTTP REQUEST POST https://cloudresourcemanager.googleapis.com/v1/projects/memi-vf2-84cfb:testIamPermissions  
 {"permissions":["firebase.projects.get"]}
[debug] [2021-02-22T07:28:32.345Z] <<< HTTP RESPONSE 200 {"content-type":"application/json; charset=UTF-8","vary":"X-Origin, Referer, Origin,Accept-Encoding","date":"Mon, 22 Feb 2021 07:28:30 GMT","server":"ESF","cache-control":"private","x-xss-protection":"0","x-frame-options":"SAMEORIGIN","x-content-type-options":"nosniff","server-timing":"gfet4t7; dur=793","alt-svc":"h3-29=\":443\"; ma=2592000,h3-T051=\":443\"; ma=2592000,h3-Q050=\":443\"; ma=2592000,h3-Q046=\":443\"; ma=2592000,h3-Q043=\":443\"; ma=2592000,quic=\":443\"; ma=2592000; v=\"46,43\"","accept-ranges":"none","transfer-encoding":"chunked"}
[debug] [2021-02-22T07:28:32.346Z] > refreshing access token with scopes: []
[debug] [2021-02-22T07:28:32.347Z] >>> HTTP REQUEST POST https://www.googleapis.com/oauth2/v3/token  
 <request body omitted>
[debug] [2021-02-22T07:28:32.539Z] <<< HTTP RESPONSE 200 {"expires":"Mon, 01 Jan 1990 00:00:00 GMT","cache-control":"no-cache, no-store, max-age=0, must-revalidate","pragma":"no-cache","date":"Mon, 22 Feb 2021 07:28:30 GMT","content-type":"application/json; charset=utf-8","vary":"X-Origin, Referer, Origin,Accept-Encoding","server":"scaffolding on HTTPServer2","x-xss-protection":"0","x-frame-options":"SAMEORIGIN","x-content-type-options":"nosniff","alt-svc":"h3-29=\":443\"; ma=2592000,h3-T051=\":443\"; ma=2592000,h3-Q050=\":443\"; ma=2592000,h3-Q046=\":443\"; ma=2592000,h3-Q043=\":443\"; ma=2592000,quic=\":443\"; ma=2592000; v=\"46,43\"","accept-ranges":"none","transfer-encoding":"chunked"}
[debug] [2021-02-22T07:28:32.547Z] >>> [apiv2][query] GET https://firebase.googleapis.com/v1beta1/projects/memi-vf2-84cfb [none]
[debug] [2021-02-22T07:28:33.016Z] <<< [apiv2][status] GET https://firebase.googleapis.com/v1beta1/projects/memi-vf2-84cfb 200
[debug] [2021-02-22T07:28:33.016Z] <<< [apiv2][body] GET https://firebase.googleapis.com/v1beta1/projects/memi-vf2-84cfb {"projectId":"memi-vf2-84cfb","projectNumber":"748118252645","displayName":"memi-vf2","name":"projects/memi-vf2-84cfb","resources":{"hostingSite":"memi-vf2-84cfb","realtimeDatabaseInstance":"memi-vf2-84cfb-default-rtdb","storageBucket":"memi-vf2-84cfb.appspot.com","locationId":"asia-northeast3"},"state":"ACTIVE"}
[info] 
[info] === Serving from 'C:\Users\yes-nb-072\Desktop\vf2'...
[info] 
[debug] [2021-02-22T07:28:33.020Z] >>> [apiv2][query] GET https://firebase.googleapis.com/v1beta1/projects/memi-vf2-84cfb/webApps/-/config [none]
[info] +  functions: Using node@14 from host. {"metadata":{"emulator":{"name":"functions"},"message":"Using node@14 from host."}}
[debug] [2021-02-22T07:28:33.033Z] defaultcredentials: writing to file C:\Users\yes-nb-072\AppData\Roaming\firebase\chatickerr_gmail_com_application_default_credentials.json
[debug] [2021-02-22T07:28:33.035Z] Setting GAC to C:\Users\yes-nb-072\AppData\Roaming\firebase\chatickerr_gmail_com_application_default_credentials.json {"metadata":{"emulator":{"name":"functions"},"message":"Setting GAC to C:\\Users\\yes-nb-072\\AppData\\Roaming\\firebase\\chatickerr_gmail_com_application_default_credentials.json"}}
[debug] [2021-02-22T07:28:33.036Z] >>> [apiv2][query] GET https://firebase.googleapis.com/v1beta1/projects/memi-vf2-84cfb/adminSdkConfig [none]
[debug] [2021-02-22T07:28:33.656Z] <<< [apiv2][status] GET https://firebase.googleapis.com/v1beta1/projects/memi-vf2-84cfb/adminSdkConfig 200
[debug] [2021-02-22T07:28:33.656Z] <<< [apiv2][body] GET https://firebase.googleapis.com/v1beta1/projects/memi-vf2-84cfb/adminSdkConfig {"projectId":"memi-vf2-84cfb","databaseURL":"https://memi-vf2-84cfb-default-rtdb.firebaseio.com","storageBucket":"memi-vf2-84cfb.appspot.com","locationId":"asia-northeast3"}
[debug] [2021-02-22T07:28:34.262Z] <<< [apiv2][status] GET https://firebase.googleapis.com/v1beta1/projects/memi-vf2-84cfb/webApps/-/config 200
[debug] [2021-02-22T07:28:34.262Z] <<< [apiv2][body] GET https://firebase.googleapis.com/v1beta1/projects/memi-vf2-84cfb/webApps/-/config {"projectId":"memi-vf2-84cfb","appId":"1:748118252645:web:da42588fd40d0253abba8c","databaseURL":"https://memi-vf2-84cfb-default-rtdb.firebaseio.com","storageBucket":"memi-vf2-84cfb.appspot.com","locationId":"asia-northeast3","apiKey":"AIzaSyA4DcYAMv62biv6Hi4gl__GYThH5yp3CX4","authDomain":"memi-vf2-84cfb.firebaseapp.com","messagingSenderId":"748118252645"}
[info] i  functions: Watching "C:\Users\yes-nb-072\Desktop\vf2\functions" for Cloud Functions... {"metadata":{"emulator":{"name":"functions"},"message":"Watching \"C:\\Users\\yes-nb-072\\Desktop\\vf2\\functions\" for Cloud Functions..."}}
[debug] [2021-02-22T07:28:34.301Z] [worker-pool] addWorker(~diagnostic~) {"metadata":{"emulator":{"name":"functions"},"message":"[worker-pool] addWorker(~diagnostic~)"}}
[debug] [2021-02-22T07:28:34.301Z] [worker-pool] Adding worker with key ~diagnostic~, total=1 {"metadata":{"emulator":{"name":"functions"},"message":"[worker-pool] Adding worker with key ~diagnostic~, total=1"}}
[debug] [2021-02-22T07:28:34.301Z] [worker-pool] submitWork(triggerId=) {"metadata":{"emulator":{"name":"functions"},"message":"[worker-pool] submitWork(triggerId=)"}}
[debug] [2021-02-22T07:28:34.301Z] [worker-~diagnostic~-39c2ac64-d4dc-4e01-8ea2-2087d09a5d84]: Assigning socketPath: \\?\pipe\C:\Users\yes-nb-072\Desktop\vf2\functions\6644 {"metadata":{"emulator":{"name":"functions"},"message":"[worker-~diagnostic~-39c2ac64-d4dc-4e01-8ea2-2087d09a5d84]: Assigning socketPath: \\\\?\\pipe\\C:\\Users\\yes-nb-072\\Desktop\\vf2\\functions\\6644"}}
[debug] [2021-02-22T07:28:34.302Z] [worker-~diagnostic~-39c2ac64-d4dc-4e01-8ea2-2087d09a5d84]: BUSY {"metadata":{"emulator":{"name":"functions"},"message":"[worker-~diagnostic~-39c2ac64-d4dc-4e01-8ea2-2087d09a5d84]: BUSY"}}
[info] i  hosting: Serving hosting files from: dist {"metadata":{"emulator":{"name":"hosting"},"message":"Serving hosting files from: \u001b[1mdist\u001b[22m"}}
[info] +  hosting: Local server: http://localhost:5000 {"metadata":{"emulator":{"name":"hosting"},"message":"Local server: \u001b[4m\u001b[1mhttp://localhost:5000\u001b[22m\u001b[24m"}}
[debug] [2021-02-22T07:28:34.626Z] [runtime-status] [6644] Functions runtime initialized. {"cwd":"C:\\Users\\yes-nb-072\\Desktop\\vf2\\functions","node_version":"14.15.4"} {"metadata":{"emulator":{"name":"functions"},"message":"[runtime-status] [6644] Functions runtime initialized. {\"cwd\":\"C:\\\\Users\\\\yes-nb-072\\\\Desktop\\\\vf2\\\\functions\",\"node_version\":\"14.15.4\"}"}}
[debug] [2021-02-22T07:28:34.626Z] [runtime-status] [6644] Disabled runtime features: undefined {"metadata":{"emulator":{"name":"functions"},"message":"[runtime-status] [6644] Disabled runtime features: undefined"}}
[debug] [2021-02-22T07:28:34.632Z] [runtime-status] [6644] Resolved module firebase-admin {"declared":true,"installed":true,"version":"9.5.0","resolution":"C:\\Users\\yes-nb-072\\Desktop\\vf2\\functions\\node_modules\\firebase-admin\\lib\\index.js"} {"metadata":{"emulator":{"name":"functions"},"message":"[runtime-status] [6644] Resolved module firebase-admin {\"declared\":true,\"installed\":true,\"version\":\"9.5.0\",\"resolution\":\"C:\\\\Users\\\\yes-nb-072\\\\Desktop\\\\vf2\\\\functions\\\\node_modules\\\\firebase-admin\\\\lib\\\\index.js\"}"}}
[debug] [2021-02-22T07:28:34.635Z] [runtime-status] [6644] Resolved module firebase-functions {"declared":true,"installed":true,"version":"3.13.1","resolution":"C:\\Users\\yes-nb-072\\Desktop\\vf2\\functions\\node_modules\\firebase-functions\\lib\\index.js"} {"metadata":{"emulator":{"name":"functions"},"message":"[runtime-status] [6644] Resolved module firebase-functions {\"declared\":true,\"installed\":true,\"version\":\"3.13.1\",\"resolution\":\"C:\\\\Users\\\\yes-nb-072\\\\Desktop\\\\vf2\\\\functions\\\\node_modules\\\\firebase-functions\\\\lib\\\\index.js\"}"}}
[debug] [2021-02-22T07:28:34.637Z] [runtime-status] [6644] Resolved module firebase-functions {"declared":true,"installed":true,"version":"3.13.1","resolution":"C:\\Users\\yes-nb-072\\Desktop\\vf2\\functions\\node_modules\\firebase-functions\\lib\\index.js"} {"metadata":{"emulator":{"name":"functions"},"message":"[runtime-status] [6644] Resolved module firebase-functions {\"declared\":true,\"installed\":true,\"version\":\"3.13.1\",\"resolution\":\"C:\\\\Users\\\\yes-nb-072\\\\Desktop\\\\vf2\\\\functions\\\\node_modules\\\\firebase-functions\\\\lib\\\\index.js\"}"}}
[debug] [2021-02-22T07:28:34.639Z] [runtime-status] [6644] Outgoing network have been stubbed. [{"name":"http","status":"mocked"},{"name":"http","status":"mocked"},{"name":"https","status":"mocked"},{"name":"https","status":"mocked"},{"name":"net","status":"mocked"}] {"metadata":{"emulator":{"name":"functions"},"message":"[runtime-status] [6644] Outgoing network have been stubbed. [{\"name\":\"http\",\"status\":\"mocked\"},{\"name\":\"http\",\"status\":\"mocked\"},{\"name\":\"https\",\"status\":\"mocked\"},{\"name\":\"https\",\"status\":\"mocked\"},{\"name\":\"net\",\"status\":\"mocked\"}]"}}
[debug] [2021-02-22T07:28:34.639Z] [runtime-status] [6644] Resolved module firebase-functions {"declared":true,"installed":true,"version":"3.13.1","resolution":"C:\\Users\\yes-nb-072\\Desktop\\vf2\\functions\\node_modules\\firebase-functions\\lib\\index.js"} {"metadata":{"emulator":{"name":"functions"},"message":"[runtime-status] [6644] Resolved module firebase-functions {\"declared\":true,\"installed\":true,\"version\":\"3.13.1\",\"resolution\":\"C:\\\\Users\\\\yes-nb-072\\\\Desktop\\\\vf2\\\\functions\\\\node_modules\\\\firebase-functions\\\\lib\\\\index.js\"}"}}
[debug] [2021-02-22T07:28:34.715Z] [runtime-status] [6644] Checked functions.config() {"config":{}} {"metadata":{"emulator":{"name":"functions"},"message":"[runtime-status] [6644] Checked functions.config() {\"config\":{}}"}}
[debug] [2021-02-22T07:28:34.715Z] [runtime-status] [6644] firebase-functions has been stubbed. {"functionsResolution":{"declared":true,"installed":true,"version":"3.13.1","resolution":"C:\\Users\\yes-nb-072\\Desktop\\vf2\\functions\\node_modules\\firebase-functions\\lib\\index.js"}} {"metadata":{"emulator":{"name":"functions"},"message":"[runtime-status] [6644] firebase-functions has been stubbed. {\"functionsResolution\":{\"declared\":true,\"installed\":true,\"version\":\"3.13.1\",\"resolution\":\"C:\\\\Users\\\\yes-nb-072\\\\Desktop\\\\vf2\\\\functions\\\\node_modules\\\\firebase-functions\\\\lib\\\\index.js\"}}"}}
[debug] [2021-02-22T07:28:34.716Z] [runtime-status] [6644] Resolved module firebase-functions {"declared":true,"installed":true,"version":"3.13.1","resolution":"C:\\Users\\yes-nb-072\\Desktop\\vf2\\functions\\node_modules\\firebase-functions\\lib\\index.js"} {"metadata":{"emulator":{"name":"functions"},"message":"[runtime-status] [6644] Resolved module firebase-functions {\"declared\":true,\"installed\":true,\"version\":\"3.13.1\",\"resolution\":\"C:\\\\Users\\\\yes-nb-072\\\\Desktop\\\\vf2\\\\functions\\\\node_modules\\\\firebase-functions\\\\lib\\\\index.js\"}"}}
[debug] [2021-02-22T07:28:34.717Z] [runtime-status] [6644] Resolved module firebase-admin {"declared":true,"installed":true,"version":"9.5.0","resolution":"C:\\Users\\yes-nb-072\\Desktop\\vf2\\functions\\node_modules\\firebase-admin\\lib\\index.js"} {"metadata":{"emulator":{"name":"functions"},"message":"[runtime-status] [6644] Resolved module firebase-admin {\"declared\":true,\"installed\":true,\"version\":\"9.5.0\",\"resolution\":\"C:\\\\Users\\\\yes-nb-072\\\\Desktop\\\\vf2\\\\functions\\\\node_modules\\\\firebase-admin\\\\lib\\\\index.js\"}"}}
[debug] [2021-02-22T07:28:34.718Z] [runtime-status] [6644] Resolved module firebase-functions {"declared":true,"installed":true,"version":"3.13.1","resolution":"C:\\Users\\yes-nb-072\\Desktop\\vf2\\functions\\node_modules\\firebase-functions\\lib\\index.js"} {"metadata":{"emulator":{"name":"functions"},"message":"[runtime-status] [6644] Resolved module firebase-functions {\"declared\":true,\"installed\":true,\"version\":\"3.13.1\",\"resolution\":\"C:\\\\Users\\\\yes-nb-072\\\\Desktop\\\\vf2\\\\functions\\\\node_modules\\\\firebase-functions\\\\lib\\\\index.js\"}"}}
[debug] [2021-02-22T07:28:34.718Z] [runtime-status] [6644] firebase-admin has been stubbed. {"adminResolution":{"declared":true,"installed":true,"version":"9.5.0","resolution":"C:\\Users\\yes-nb-072\\Desktop\\vf2\\functions\\node_modules\\firebase-admin\\lib\\index.js"}} {"metadata":{"emulator":{"name":"functions"},"message":"[runtime-status] [6644] firebase-admin has been stubbed. {\"adminResolution\":{\"declared\":true,\"installed\":true,\"version\":\"9.5.0\",\"resolution\":\"C:\\\\Users\\\\yes-nb-072\\\\Desktop\\\\vf2\\\\functions\\\\node_modules\\\\firebase-admin\\\\lib\\\\index.js\"}}"}}
[warn] !  It looks like you're trying to access functions.config().admin but there is no value there. You can learn more about setting up config here: https://firebase.google.com/docs/functions/local-emulator {"metadata":{"emulator":{"name":"functions"},"message":"It looks like you're trying to access functions.config().admin but there is no value there. You can learn more about setting up config here: https://firebase.google.com/docs/functions/local-emulator"}}
[warn] !  TypeError: Cannot read property 'region' of undefined
    at Object.<anonymous> (C:\Users\yes-nb-072\Desktop\vf2\functions\index.js:4:40)
    at Module._compile (internal/modules/cjs/loader.js:1063:30)
    at Object.Module._extensions..js (internal/modules/cjs/loader.js:1092:10)
    at Module.load (internal/modules/cjs/loader.js:928:32)
    at Function.Module._load (internal/modules/cjs/loader.js:769:14)
    at Module.require (internal/modules/cjs/loader.js:952:19)
    at require (internal/modules/cjs/helpers.js:88:18)
    at initializeRuntime (C:\Users\yes-nb-072\AppData\Roaming\npm\node_modules\firebase-tools\lib\emulator\functionsEmulatorRuntime.js:678:29)
    at processTicksAndRejections (internal/process/task_queues.js:93:5)
    at async handleMessage (C:\Users\yes-nb-072\AppData\Roaming\npm\node_modules\firebase-tools\lib\emulator\functionsEmulatorRuntime.js:716:20) {"metadata":{"emulator":{"name":"functions"},"message":"TypeError: Cannot read property 'region' of undefined\n    at Object.<anonymous> (C:\\Users\\yes-nb-072\\Desktop\\vf2\\functions\\index.js:4:40)\n    at Module._compile (internal/modules/cjs/loader.js:1063:30)\n    at Object.Module._extensions..js (internal/modules/cjs/loader.js:1092:10)\n    at Module.load (internal/modules/cjs/loader.js:928:32)\n    at Function.Module._load (internal/modules/cjs/loader.js:769:14)\n    at Module.require (internal/modules/cjs/loader.js:952:19)\n    at require (internal/modules/cjs/helpers.js:88:18)\n    at initializeRuntime (C:\\Users\\yes-nb-072\\AppData\\Roaming\\npm\\node_modules\\firebase-tools\\lib\\emulator\\functionsEmulatorRuntime.js:678:29)\n    at processTicksAndRejections (internal/process/task_queues.js:93:5)\n    at async handleMessage (C:\\Users\\yes-nb-072\\AppData\\Roaming\\npm\\node_modules\\firebase-tools\\lib\\emulator\\functionsEmulatorRuntime.js:716:20)"}}
[warn] !  We were unable to load your functions code. (see above) {"metadata":{"emulator":{"name":"functions"}}}
[debug] [2021-02-22T07:28:34.747Z] [worker-~diagnostic~-39c2ac64-d4dc-4e01-8ea2-2087d09a5d84]: exited {"metadata":{"emulator":{"name":"functions"},"message":"[worker-~diagnostic~-39c2ac64-d4dc-4e01-8ea2-2087d09a5d84]: exited"}}
[debug] [2021-02-22T07:28:34.747Z] [worker-~diagnostic~-39c2ac64-d4dc-4e01-8ea2-2087d09a5d84]: FINISHED {"metadata":{"emulator":{"name":"functions"},"message":"[worker-~diagnostic~-39c2ac64-d4dc-4e01-8ea2-2087d09a5d84]: FINISHED"}}
[debug] [2021-02-22T07:28:42.611Z] File C:\Users\yes-nb-072\Desktop\vf2\functions\package.json changed, reloading triggers {"metadata":{"emulator":{"name":"functions"},"message":"File C:\\Users\\yes-nb-072\\Desktop\\vf2\\functions\\package.json changed, reloading triggers"}}
[debug] [2021-02-22T07:28:43.645Z] [worker-pool] Cleaned up workers for ~diagnostic~: 1 --> 0 {"metadata":{"emulator":{"name":"functions"},"message":"[worker-pool] Cleaned up workers for ~diagnostic~: 1 --> 0"}}
[debug] [2021-02-22T07:28:43.736Z] [worker-pool] addWorker(~diagnostic~) {"metadata":{"emulator":{"name":"functions"},"message":"[worker-pool] addWorker(~diagnostic~)"}}
[debug] [2021-02-22T07:28:43.737Z] [worker-pool] Adding worker with key ~diagnostic~, total=1 {"metadata":{"emulator":{"name":"functions"},"message":"[worker-pool] Adding worker with key ~diagnostic~, total=1"}}
[debug] [2021-02-22T07:28:43.737Z] [worker-pool] submitWork(triggerId=) {"metadata":{"emulator":{"name":"functions"},"message":"[worker-pool] submitWork(triggerId=)"}}
[debug] [2021-02-22T07:28:43.737Z] [worker-~diagnostic~-1ccaf2f1-9d6b-444d-adac-c987a8f431a1]: Assigning socketPath: \\?\pipe\C:\Users\yes-nb-072\Desktop\vf2\functions\9612 {"metadata":{"emulator":{"name":"functions"},"message":"[worker-~diagnostic~-1ccaf2f1-9d6b-444d-adac-c987a8f431a1]: Assigning socketPath: \\\\?\\pipe\\C:\\Users\\yes-nb-072\\Desktop\\vf2\\functions\\9612"}}
[debug] [2021-02-22T07:28:43.737Z] [worker-~diagnostic~-1ccaf2f1-9d6b-444d-adac-c987a8f431a1]: BUSY {"metadata":{"emulator":{"name":"functions"},"message":"[worker-~diagnostic~-1ccaf2f1-9d6b-444d-adac-c987a8f431a1]: BUSY"}}
[debug] [2021-02-22T07:28:44.529Z] [runtime-status] [9612] Functions runtime initialized. {"cwd":"C:\\Users\\yes-nb-072\\Desktop\\vf2\\functions","node_version":"14.15.4"} {"metadata":{"emulator":{"name":"functions"},"message":"[runtime-status] [9612] Functions runtime initialized. {\"cwd\":\"C:\\\\Users\\\\yes-nb-072\\\\Desktop\\\\vf2\\\\functions\",\"node_version\":\"14.15.4\"}"}}
[debug] [2021-02-22T07:28:44.533Z] [runtime-status] [9612] Disabled runtime features: undefined {"metadata":{"emulator":{"name":"functions"},"message":"[runtime-status] [9612] Disabled runtime features: undefined"}}
[debug] [2021-02-22T07:28:44.542Z] [runtime-status] [9612] Resolved module firebase-admin {"declared":true,"installed":true,"version":"9.5.0","resolution":"C:\\Users\\yes-nb-072\\Desktop\\vf2\\functions\\node_modules\\firebase-admin\\lib\\index.js"} {"metadata":{"emulator":{"name":"functions"},"message":"[runtime-status] [9612] Resolved module firebase-admin {\"declared\":true,\"installed\":true,\"version\":\"9.5.0\",\"resolution\":\"C:\\\\Users\\\\yes-nb-072\\\\Desktop\\\\vf2\\\\functions\\\\node_modules\\\\firebase-admin\\\\lib\\\\index.js\"}"}}
[debug] [2021-02-22T07:28:44.547Z] [runtime-status] [9612] Resolved module firebase-functions {"declared":true,"installed":true,"version":"3.13.1","resolution":"C:\\Users\\yes-nb-072\\Desktop\\vf2\\functions\\node_modules\\firebase-functions\\lib\\index.js"} {"metadata":{"emulator":{"name":"functions"},"message":"[runtime-status] [9612] Resolved module firebase-functions {\"declared\":true,\"installed\":true,\"version\":\"3.13.1\",\"resolution\":\"C:\\\\Users\\\\yes-nb-072\\\\Desktop\\\\vf2\\\\functions\\\\node_modules\\\\firebase-functions\\\\lib\\\\index.js\"}"}}
[debug] [2021-02-22T07:28:44.550Z] [runtime-status] [9612] Resolved module firebase-functions {"declared":true,"installed":true,"version":"3.13.1","resolution":"C:\\Users\\yes-nb-072\\Desktop\\vf2\\functions\\node_modules\\firebase-functions\\lib\\index.js"} {"metadata":{"emulator":{"name":"functions"},"message":"[runtime-status] [9612] Resolved module firebase-functions {\"declared\":true,\"installed\":true,\"version\":\"3.13.1\",\"resolution\":\"C:\\\\Users\\\\yes-nb-072\\\\Desktop\\\\vf2\\\\functions\\\\node_modules\\\\firebase-functions\\\\lib\\\\index.js\"}"}}
[debug] [2021-02-22T07:28:44.552Z] [runtime-status] [9612] Outgoing network have been stubbed. [{"name":"http","status":"mocked"},{"name":"http","status":"mocked"},{"name":"https","status":"mocked"},{"name":"https","status":"mocked"},{"name":"net","status":"mocked"}] {"metadata":{"emulator":{"name":"functions"},"message":"[runtime-status] [9612] Outgoing network have been stubbed. [{\"name\":\"http\",\"status\":\"mocked\"},{\"name\":\"http\",\"status\":\"mocked\"},{\"name\":\"https\",\"status\":\"mocked\"},{\"name\":\"https\",\"status\":\"mocked\"},{\"name\":\"net\",\"status\":\"mocked\"}]"}}
[debug] [2021-02-22T07:28:44.553Z] [runtime-status] [9612] Resolved module firebase-functions {"declared":true,"installed":true,"version":"3.13.1","resolution":"C:\\Users\\yes-nb-072\\Desktop\\vf2\\functions\\node_modules\\firebase-functions\\lib\\index.js"} {"metadata":{"emulator":{"name":"functions"},"message":"[runtime-status] [9612] Resolved module firebase-functions {\"declared\":true,\"installed\":true,\"version\":\"3.13.1\",\"resolution\":\"C:\\\\Users\\\\yes-nb-072\\\\Desktop\\\\vf2\\\\functions\\\\node_modules\\\\firebase-functions\\\\lib\\\\index.js\"}"}}
[debug] [2021-02-22T07:28:44.675Z] [runtime-status] [9612] Checked functions.config() {"config":{}} {"metadata":{"emulator":{"name":"functions"},"message":"[runtime-status] [9612] Checked functions.config() {\"config\":{}}"}}
[debug] [2021-02-22T07:28:44.676Z] [runtime-status] [9612] firebase-functions has been stubbed. {"functionsResolution":{"declared":true,"installed":true,"version":"3.13.1","resolution":"C:\\Users\\yes-nb-072\\Desktop\\vf2\\functions\\node_modules\\firebase-functions\\lib\\index.js"}} {"metadata":{"emulator":{"name":"functions"},"message":"[runtime-status] [9612] firebase-functions has been stubbed. {\"functionsResolution\":{\"declared\":true,\"installed\":true,\"version\":\"3.13.1\",\"resolution\":\"C:\\\\Users\\\\yes-nb-072\\\\Desktop\\\\vf2\\\\functions\\\\node_modules\\\\firebase-functions\\\\lib\\\\index.js\"}}"}}
[debug] [2021-02-22T07:28:44.678Z] [runtime-status] [9612] Resolved module firebase-functions {"declared":true,"installed":true,"version":"3.13.1","resolution":"C:\\Users\\yes-nb-072\\Desktop\\vf2\\functions\\node_modules\\firebase-functions\\lib\\index.js"} {"metadata":{"emulator":{"name":"functions"},"message":"[runtime-status] [9612] Resolved module firebase-functions {\"declared\":true,\"installed\":true,\"version\":\"3.13.1\",\"resolution\":\"C:\\\\Users\\\\yes-nb-072\\\\Desktop\\\\vf2\\\\functions\\\\node_modules\\\\firebase-functions\\\\lib\\\\index.js\"}"}}
[debug] [2021-02-22T07:28:44.680Z] [runtime-status] [9612] Resolved module firebase-admin {"declared":true,"installed":true,"version":"9.5.0","resolution":"C:\\Users\\yes-nb-072\\Desktop\\vf2\\functions\\node_modules\\firebase-admin\\lib\\index.js"} {"metadata":{"emulator":{"name":"functions"},"message":"[runtime-status] [9612] Resolved module firebase-admin {\"declared\":true,\"installed\":true,\"version\":\"9.5.0\",\"resolution\":\"C:\\\\Users\\\\yes-nb-072\\\\Desktop\\\\vf2\\\\functions\\\\node_modules\\\\firebase-admin\\\\lib\\\\index.js\"}"}}
[debug] [2021-02-22T07:28:44.681Z] [runtime-status] [9612] Resolved module firebase-functions {"declared":true,"installed":true,"version":"3.13.1","resolution":"C:\\Users\\yes-nb-072\\Desktop\\vf2\\functions\\node_modules\\firebase-functions\\lib\\index.js"} {"metadata":{"emulator":{"name":"functions"},"message":"[runtime-status] [9612] Resolved module firebase-functions {\"declared\":true,\"installed\":true,\"version\":\"3.13.1\",\"resolution\":\"C:\\\\Users\\\\yes-nb-072\\\\Desktop\\\\vf2\\\\functions\\\\node_modules\\\\firebase-functions\\\\lib\\\\index.js\"}"}}
[debug] [2021-02-22T07:28:44.681Z] [runtime-status] [9612] firebase-admin has been stubbed. {"adminResolution":{"declared":true,"installed":true,"version":"9.5.0","resolution":"C:\\Users\\yes-nb-072\\Desktop\\vf2\\functions\\node_modules\\firebase-admin\\lib\\index.js"}} {"metadata":{"emulator":{"name":"functions"},"message":"[runtime-status] [9612] firebase-admin has been stubbed. {\"adminResolution\":{\"declared\":true,\"installed\":true,\"version\":\"9.5.0\",\"resolution\":\"C:\\\\Users\\\\yes-nb-072\\\\Desktop\\\\vf2\\\\functions\\\\node_modules\\\\firebase-admin\\\\lib\\\\index.js\"}}"}}
[warn] !  TypeError: Cannot read property 'region' of undefined
    at Object.<anonymous> (C:\Users\yes-nb-072\Desktop\vf2\functions\index.js:4:40)
    at Module._compile (internal/modules/cjs/loader.js:1063:30)
    at Object.Module._extensions..js (internal/modules/cjs/loader.js:1092:10)
    at Module.load (internal/modules/cjs/loader.js:928:32)
    at Function.Module._load (internal/modules/cjs/loader.js:769:14)
    at Module.require (internal/modules/cjs/loader.js:952:19)
    at require (internal/modules/cjs/helpers.js:88:18)
    at initializeRuntime (C:\Users\yes-nb-072\AppData\Roaming\npm\node_modules\firebase-tools\lib\emulator\functionsEmulatorRuntime.js:678:29)
    at processTicksAndRejections (internal/process/task_queues.js:93:5)
    at async handleMessage (C:\Users\yes-nb-072\AppData\Roaming\npm\node_modules\firebase-tools\lib\emulator\functionsEmulatorRuntime.js:716:20) {"metadata":{"emulator":{"name":"functions"},"message":"TypeError: Cannot read property 'region' of undefined\n    at Object.<anonymous> (C:\\Users\\yes-nb-072\\Desktop\\vf2\\functions\\index.js:4:40)\n    at Module._compile (internal/modules/cjs/loader.js:1063:30)\n    at Object.Module._extensions..js (internal/modules/cjs/loader.js:1092:10)\n    at Module.load (internal/modules/cjs/loader.js:928:32)\n    at Function.Module._load (internal/modules/cjs/loader.js:769:14)\n    at Module.require (internal/modules/cjs/loader.js:952:19)\n    at require (internal/modules/cjs/helpers.js:88:18)\n    at initializeRuntime (C:\\Users\\yes-nb-072\\AppData\\Roaming\\npm\\node_modules\\firebase-tools\\lib\\emulator\\functionsEmulatorRuntime.js:678:29)\n    at processTicksAndRejections (internal/process/task_queues.js:93:5)\n    at async handleMessage (C:\\Users\\yes-nb-072\\AppData\\Roaming\\npm\\node_modules\\firebase-tools\\lib\\emulator\\functionsEmulatorRuntime.js:716:20)"}}
[warn] !  We were unable to load your functions code. (see above) {"metadata":{"emulator":{"name":"functions"}}}
[debug] [2021-02-22T07:28:44.807Z] [worker-~diagnostic~-1ccaf2f1-9d6b-444d-adac-c987a8f431a1]: exited {"metadata":{"emulator":{"name":"functions"},"message":"[worker-~diagnostic~-1ccaf2f1-9d6b-444d-adac-c987a8f431a1]: exited"}}
[debug] [2021-02-22T07:28:44.808Z] [worker-~diagnostic~-1ccaf2f1-9d6b-444d-adac-c987a8f431a1]: FINISHED {"metadata":{"emulator":{"name":"functions"},"message":"[worker-~diagnostic~-1ccaf2f1-9d6b-444d-adac-c987a8f431a1]: FINISHED"}}
[debug] [2021-02-22T07:28:52.243Z] ----------------------------------------------------------------------
[debug] [2021-02-22T07:28:52.245Z] Command:       C:\Program Files\nodejs\node.exe C:\Users\yes-nb-072\AppData\Roaming\npm\node_modules\firebase-tools\lib\bin\firebase.js serve
[debug] [2021-02-22T07:28:52.246Z] CLI Version:   9.4.0
[debug] [2021-02-22T07:28:52.246Z] Platform:      win32
[debug] [2021-02-22T07:28:52.246Z] Node Version:  v14.15.4
[debug] [2021-02-22T07:28:52.248Z] Time:          Mon Feb 22 2021 16:28:52 GMT+0900 (대한민국 표준시)
[debug] [2021-02-22T07:28:52.248Z] ----------------------------------------------------------------------
[debug] [2021-02-22T07:28:52.248Z] 
[debug] [2021-02-22T07:28:52.258Z] > command requires scopes: ["email","openid","https://www.googleapis.com/auth/cloudplatformprojects.readonly","https://www.googleapis.com/auth/firebase","https://www.googleapis.com/auth/cloud-platform"]
[debug] [2021-02-22T07:28:52.258Z] > authorizing via signed-in user
[debug] [2021-02-22T07:28:52.258Z] [iam] checking project memi-vf2-84cfb for permissions ["firebase.projects.get"]
[debug] [2021-02-22T07:28:52.261Z] > refreshing access token with scopes: ["email","https://www.googleapis.com/auth/cloud-platform","https://www.googleapis.com/auth/cloudplatformprojects.readonly","https://www.googleapis.com/auth/firebase","openid"]
[debug] [2021-02-22T07:28:52.261Z] >>> HTTP REQUEST POST https://www.googleapis.com/oauth2/v3/token  
 <request body omitted>
[debug] [2021-02-22T07:28:52.495Z] <<< HTTP RESPONSE 200 {"cache-control":"no-cache, no-store, max-age=0, must-revalidate","pragma":"no-cache","date":"Mon, 22 Feb 2021 07:28:50 GMT","expires":"Mon, 01 Jan 1990 00:00:00 GMT","content-type":"application/json; charset=utf-8","vary":"X-Origin, Referer, Origin,Accept-Encoding","server":"scaffolding on HTTPServer2","x-xss-protection":"0","x-frame-options":"SAMEORIGIN","x-content-type-options":"nosniff","alt-svc":"h3-29=\":443\"; ma=2592000,h3-T051=\":443\"; ma=2592000,h3-Q050=\":443\"; ma=2592000,h3-Q046=\":443\"; ma=2592000,h3-Q043=\":443\"; ma=2592000,quic=\":443\"; ma=2592000; v=\"46,43\"","accept-ranges":"none","transfer-encoding":"chunked"}
[debug] [2021-02-22T07:28:52.502Z] >>> HTTP REQUEST POST https://cloudresourcemanager.googleapis.com/v1/projects/memi-vf2-84cfb:testIamPermissions  
 {"permissions":["firebase.projects.get"]}
[debug] [2021-02-22T07:28:53.415Z] <<< HTTP RESPONSE 200 {"content-type":"application/json; charset=UTF-8","vary":"X-Origin, Referer, Origin,Accept-Encoding","date":"Mon, 22 Feb 2021 07:28:51 GMT","server":"ESF","cache-control":"private","x-xss-protection":"0","x-frame-options":"SAMEORIGIN","x-content-type-options":"nosniff","server-timing":"gfet4t7; dur=757","alt-svc":"h3-29=\":443\"; ma=2592000,h3-T051=\":443\"; ma=2592000,h3-Q050=\":443\"; ma=2592000,h3-Q046=\":443\"; ma=2592000,h3-Q043=\":443\"; ma=2592000,quic=\":443\"; ma=2592000; v=\"46,43\"","accept-ranges":"none","transfer-encoding":"chunked"}
[debug] [2021-02-22T07:28:53.417Z] > refreshing access token with scopes: []
[debug] [2021-02-22T07:28:53.417Z] >>> HTTP REQUEST POST https://www.googleapis.com/oauth2/v3/token  
 <request body omitted>
[debug] [2021-02-22T07:28:53.629Z] <<< HTTP RESPONSE 200 {"pragma":"no-cache","date":"Mon, 22 Feb 2021 07:28:51 GMT","expires":"Mon, 01 Jan 1990 00:00:00 GMT","cache-control":"no-cache, no-store, max-age=0, must-revalidate","content-type":"application/json; charset=utf-8","vary":"X-Origin, Referer, Origin,Accept-Encoding","server":"scaffolding on HTTPServer2","x-xss-protection":"0","x-frame-options":"SAMEORIGIN","x-content-type-options":"nosniff","alt-svc":"h3-29=\":443\"; ma=2592000,h3-T051=\":443\"; ma=2592000,h3-Q050=\":443\"; ma=2592000,h3-Q046=\":443\"; ma=2592000,h3-Q043=\":443\"; ma=2592000,quic=\":443\"; ma=2592000; v=\"46,43\"","accept-ranges":"none","transfer-encoding":"chunked"}
[debug] [2021-02-22T07:28:53.636Z] >>> [apiv2][query] GET https://firebase.googleapis.com/v1beta1/projects/memi-vf2-84cfb [none]
[debug] [2021-02-22T07:28:54.080Z] <<< [apiv2][status] GET https://firebase.googleapis.com/v1beta1/projects/memi-vf2-84cfb 200
[debug] [2021-02-22T07:28:54.080Z] <<< [apiv2][body] GET https://firebase.googleapis.com/v1beta1/projects/memi-vf2-84cfb {"projectId":"memi-vf2-84cfb","projectNumber":"748118252645","displayName":"memi-vf2","name":"projects/memi-vf2-84cfb","resources":{"hostingSite":"memi-vf2-84cfb","realtimeDatabaseInstance":"memi-vf2-84cfb-default-rtdb","storageBucket":"memi-vf2-84cfb.appspot.com","locationId":"asia-northeast3"},"state":"ACTIVE"}
[info] 
[info] === Serving from 'C:\Users\yes-nb-072\Desktop\vf2'...
[info] 
[debug] [2021-02-22T07:28:54.084Z] >>> [apiv2][query] GET https://firebase.googleapis.com/v1beta1/projects/memi-vf2-84cfb/webApps/-/config [none]
[warn] !  Your requested "node" version "14.15.4" doesn't match your global version "14" {"metadata":{"emulator":{"name":"functions"},"message":"Your requested \"node\" version \"14.15.4\" doesn't match your global version \"14\""}}
[debug] [2021-02-22T07:28:54.096Z] defaultcredentials: writing to file C:\Users\yes-nb-072\AppData\Roaming\firebase\chatickerr_gmail_com_application_default_credentials.json
[debug] [2021-02-22T07:28:54.098Z] Setting GAC to C:\Users\yes-nb-072\AppData\Roaming\firebase\chatickerr_gmail_com_application_default_credentials.json {"metadata":{"emulator":{"name":"functions"},"message":"Setting GAC to C:\\Users\\yes-nb-072\\AppData\\Roaming\\firebase\\chatickerr_gmail_com_application_default_credentials.json"}}
[debug] [2021-02-22T07:28:54.099Z] >>> [apiv2][query] GET https://firebase.googleapis.com/v1beta1/projects/memi-vf2-84cfb/adminSdkConfig [none]
[debug] [2021-02-22T07:28:54.662Z] <<< [apiv2][status] GET https://firebase.googleapis.com/v1beta1/projects/memi-vf2-84cfb/adminSdkConfig 200
[debug] [2021-02-22T07:28:54.662Z] <<< [apiv2][body] GET https://firebase.googleapis.com/v1beta1/projects/memi-vf2-84cfb/adminSdkConfig {"projectId":"memi-vf2-84cfb","databaseURL":"https://memi-vf2-84cfb-default-rtdb.firebaseio.com","storageBucket":"memi-vf2-84cfb.appspot.com","locationId":"asia-northeast3"}
[debug] [2021-02-22T07:28:55.299Z] <<< [apiv2][status] GET https://firebase.googleapis.com/v1beta1/projects/memi-vf2-84cfb/webApps/-/config 200
[debug] [2021-02-22T07:28:55.299Z] <<< [apiv2][body] GET https://firebase.googleapis.com/v1beta1/projects/memi-vf2-84cfb/webApps/-/config {"projectId":"memi-vf2-84cfb","appId":"1:748118252645:web:da42588fd40d0253abba8c","databaseURL":"https://memi-vf2-84cfb-default-rtdb.firebaseio.com","storageBucket":"memi-vf2-84cfb.appspot.com","locationId":"asia-northeast3","apiKey":"AIzaSyA4DcYAMv62biv6Hi4gl__GYThH5yp3CX4","authDomain":"memi-vf2-84cfb.firebaseapp.com","messagingSenderId":"748118252645"}
[info] i  functions: Watching "C:\Users\yes-nb-072\Desktop\vf2\functions" for Cloud Functions... {"metadata":{"emulator":{"name":"functions"},"message":"Watching \"C:\\Users\\yes-nb-072\\Desktop\\vf2\\functions\" for Cloud Functions..."}}
[debug] [2021-02-22T07:28:55.337Z] [worker-pool] addWorker(~diagnostic~) {"metadata":{"emulator":{"name":"functions"},"message":"[worker-pool] addWorker(~diagnostic~)"}}
[debug] [2021-02-22T07:28:55.338Z] [worker-pool] Adding worker with key ~diagnostic~, total=1 {"metadata":{"emulator":{"name":"functions"},"message":"[worker-pool] Adding worker with key ~diagnostic~, total=1"}}
[debug] [2021-02-22T07:28:55.338Z] [worker-pool] submitWork(triggerId=) {"metadata":{"emulator":{"name":"functions"},"message":"[worker-pool] submitWork(triggerId=)"}}
[debug] [2021-02-22T07:28:55.338Z] [worker-~diagnostic~-9746a1d8-8e0f-4a62-8175-93ac102d2502]: Assigning socketPath: \\?\pipe\C:\Users\yes-nb-072\Desktop\vf2\functions\9452 {"metadata":{"emulator":{"name":"functions"},"message":"[worker-~diagnostic~-9746a1d8-8e0f-4a62-8175-93ac102d2502]: Assigning socketPath: \\\\?\\pipe\\C:\\Users\\yes-nb-072\\Desktop\\vf2\\functions\\9452"}}
[debug] [2021-02-22T07:28:55.338Z] [worker-~diagnostic~-9746a1d8-8e0f-4a62-8175-93ac102d2502]: BUSY {"metadata":{"emulator":{"name":"functions"},"message":"[worker-~diagnostic~-9746a1d8-8e0f-4a62-8175-93ac102d2502]: BUSY"}}
[info] i  hosting: Serving hosting files from: dist {"metadata":{"emulator":{"name":"hosting"},"message":"Serving hosting files from: \u001b[1mdist\u001b[22m"}}
[info] +  hosting: Local server: http://localhost:5000 {"metadata":{"emulator":{"name":"hosting"},"message":"Local server: \u001b[4m\u001b[1mhttp://localhost:5000\u001b[22m\u001b[24m"}}
[debug] [2021-02-22T07:28:55.660Z] [runtime-status] [9452] Functions runtime initialized. {"cwd":"C:\\Users\\yes-nb-072\\Desktop\\vf2\\functions","node_version":"14.15.4"} {"metadata":{"emulator":{"name":"functions"},"message":"[runtime-status] [9452] Functions runtime initialized. {\"cwd\":\"C:\\\\Users\\\\yes-nb-072\\\\Desktop\\\\vf2\\\\functions\",\"node_version\":\"14.15.4\"}"}}
[debug] [2021-02-22T07:28:55.661Z] [runtime-status] [9452] Disabled runtime features: undefined {"metadata":{"emulator":{"name":"functions"},"message":"[runtime-status] [9452] Disabled runtime features: undefined"}}
[debug] [2021-02-22T07:28:55.667Z] [runtime-status] [9452] Resolved module firebase-admin {"declared":true,"installed":true,"version":"9.5.0","resolution":"C:\\Users\\yes-nb-072\\Desktop\\vf2\\functions\\node_modules\\firebase-admin\\lib\\index.js"} {"metadata":{"emulator":{"name":"functions"},"message":"[runtime-status] [9452] Resolved module firebase-admin {\"declared\":true,\"installed\":true,\"version\":\"9.5.0\",\"resolution\":\"C:\\\\Users\\\\yes-nb-072\\\\Desktop\\\\vf2\\\\functions\\\\node_modules\\\\firebase-admin\\\\lib\\\\index.js\"}"}}
[debug] [2021-02-22T07:28:55.670Z] [runtime-status] [9452] Resolved module firebase-functions {"declared":true,"installed":true,"version":"3.13.1","resolution":"C:\\Users\\yes-nb-072\\Desktop\\vf2\\functions\\node_modules\\firebase-functions\\lib\\index.js"} {"metadata":{"emulator":{"name":"functions"},"message":"[runtime-status] [9452] Resolved module firebase-functions {\"declared\":true,\"installed\":true,\"version\":\"3.13.1\",\"resolution\":\"C:\\\\Users\\\\yes-nb-072\\\\Desktop\\\\vf2\\\\functions\\\\node_modules\\\\firebase-functions\\\\lib\\\\index.js\"}"}}
[debug] [2021-02-22T07:28:55.673Z] [runtime-status] [9452] Resolved module firebase-functions {"declared":true,"installed":true,"version":"3.13.1","resolution":"C:\\Users\\yes-nb-072\\Desktop\\vf2\\functions\\node_modules\\firebase-functions\\lib\\index.js"} {"metadata":{"emulator":{"name":"functions"},"message":"[runtime-status] [9452] Resolved module firebase-functions {\"declared\":true,\"installed\":true,\"version\":\"3.13.1\",\"resolution\":\"C:\\\\Users\\\\yes-nb-072\\\\Desktop\\\\vf2\\\\functions\\\\node_modules\\\\firebase-functions\\\\lib\\\\index.js\"}"}}
[debug] [2021-02-22T07:28:55.675Z] [runtime-status] [9452] Outgoing network have been stubbed. [{"name":"http","status":"mocked"},{"name":"http","status":"mocked"},{"name":"https","status":"mocked"},{"name":"https","status":"mocked"},{"name":"net","status":"mocked"}] {"metadata":{"emulator":{"name":"functions"},"message":"[runtime-status] [9452] Outgoing network have been stubbed. [{\"name\":\"http\",\"status\":\"mocked\"},{\"name\":\"http\",\"status\":\"mocked\"},{\"name\":\"https\",\"status\":\"mocked\"},{\"name\":\"https\",\"status\":\"mocked\"},{\"name\":\"net\",\"status\":\"mocked\"}]"}}
[debug] [2021-02-22T07:28:55.675Z] [runtime-status] [9452] Resolved module firebase-functions {"declared":true,"installed":true,"version":"3.13.1","resolution":"C:\\Users\\yes-nb-072\\Desktop\\vf2\\functions\\node_modules\\firebase-functions\\lib\\index.js"} {"metadata":{"emulator":{"name":"functions"},"message":"[runtime-status] [9452] Resolved module firebase-functions {\"declared\":true,\"installed\":true,\"version\":\"3.13.1\",\"resolution\":\"C:\\\\Users\\\\yes-nb-072\\\\Desktop\\\\vf2\\\\functions\\\\node_modules\\\\firebase-functions\\\\lib\\\\index.js\"}"}}
[debug] [2021-02-22T07:28:55.751Z] [runtime-status] [9452] Checked functions.config() {"config":{}} {"metadata":{"emulator":{"name":"functions"},"message":"[runtime-status] [9452] Checked functions.config() {\"config\":{}}"}}
[debug] [2021-02-22T07:28:55.751Z] [runtime-status] [9452] firebase-functions has been stubbed. {"functionsResolution":{"declared":true,"installed":true,"version":"3.13.1","resolution":"C:\\Users\\yes-nb-072\\Desktop\\vf2\\functions\\node_modules\\firebase-functions\\lib\\index.js"}} {"metadata":{"emulator":{"name":"functions"},"message":"[runtime-status] [9452] firebase-functions has been stubbed. {\"functionsResolution\":{\"declared\":true,\"installed\":true,\"version\":\"3.13.1\",\"resolution\":\"C:\\\\Users\\\\yes-nb-072\\\\Desktop\\\\vf2\\\\functions\\\\node_modules\\\\firebase-functions\\\\lib\\\\index.js\"}}"}}
[debug] [2021-02-22T07:28:55.752Z] [runtime-status] [9452] Resolved module firebase-functions {"declared":true,"installed":true,"version":"3.13.1","resolution":"C:\\Users\\yes-nb-072\\Desktop\\vf2\\functions\\node_modules\\firebase-functions\\lib\\index.js"} {"metadata":{"emulator":{"name":"functions"},"message":"[runtime-status] [9452] Resolved module firebase-functions {\"declared\":true,\"installed\":true,\"version\":\"3.13.1\",\"resolution\":\"C:\\\\Users\\\\yes-nb-072\\\\Desktop\\\\vf2\\\\functions\\\\node_modules\\\\firebase-functions\\\\lib\\\\index.js\"}"}}
[debug] [2021-02-22T07:28:55.753Z] [runtime-status] [9452] Resolved module firebase-admin {"declared":true,"installed":true,"version":"9.5.0","resolution":"C:\\Users\\yes-nb-072\\Desktop\\vf2\\functions\\node_modules\\firebase-admin\\lib\\index.js"} {"metadata":{"emulator":{"name":"functions"},"message":"[runtime-status] [9452] Resolved module firebase-admin {\"declared\":true,\"installed\":true,\"version\":\"9.5.0\",\"resolution\":\"C:\\\\Users\\\\yes-nb-072\\\\Desktop\\\\vf2\\\\functions\\\\node_modules\\\\firebase-admin\\\\lib\\\\index.js\"}"}}
[debug] [2021-02-22T07:28:55.754Z] [runtime-status] [9452] Resolved module firebase-functions {"declared":true,"installed":true,"version":"3.13.1","resolution":"C:\\Users\\yes-nb-072\\Desktop\\vf2\\functions\\node_modules\\firebase-functions\\lib\\index.js"} {"metadata":{"emulator":{"name":"functions"},"message":"[runtime-status] [9452] Resolved module firebase-functions {\"declared\":true,\"installed\":true,\"version\":\"3.13.1\",\"resolution\":\"C:\\\\Users\\\\yes-nb-072\\\\Desktop\\\\vf2\\\\functions\\\\node_modules\\\\firebase-functions\\\\lib\\\\index.js\"}"}}
[debug] [2021-02-22T07:28:55.754Z] [runtime-status] [9452] firebase-admin has been stubbed. {"adminResolution":{"declared":true,"installed":true,"version":"9.5.0","resolution":"C:\\Users\\yes-nb-072\\Desktop\\vf2\\functions\\node_modules\\firebase-admin\\lib\\index.js"}} {"metadata":{"emulator":{"name":"functions"},"message":"[runtime-status] [9452] firebase-admin has been stubbed. {\"adminResolution\":{\"declared\":true,\"installed\":true,\"version\":\"9.5.0\",\"resolution\":\"C:\\\\Users\\\\yes-nb-072\\\\Desktop\\\\vf2\\\\functions\\\\node_modules\\\\firebase-admin\\\\lib\\\\index.js\"}}"}}
[warn] !  It looks like you're trying to access functions.config().admin but there is no value there. You can learn more about setting up config here: https://firebase.google.com/docs/functions/local-emulator {"metadata":{"emulator":{"name":"functions"},"message":"It looks like you're trying to access functions.config().admin but there is no value there. You can learn more about setting up config here: https://firebase.google.com/docs/functions/local-emulator"}}
[warn] !  TypeError: Cannot read property 'region' of undefined
    at Object.<anonymous> (C:\Users\yes-nb-072\Desktop\vf2\functions\index.js:4:40)
    at Module._compile (internal/modules/cjs/loader.js:1063:30)
    at Object.Module._extensions..js (internal/modules/cjs/loader.js:1092:10)
    at Module.load (internal/modules/cjs/loader.js:928:32)
    at Function.Module._load (internal/modules/cjs/loader.js:769:14)
    at Module.require (internal/modules/cjs/loader.js:952:19)
    at require (internal/modules/cjs/helpers.js:88:18)
    at initializeRuntime (C:\Users\yes-nb-072\AppData\Roaming\npm\node_modules\firebase-tools\lib\emulator\functionsEmulatorRuntime.js:678:29)
    at processTicksAndRejections (internal/process/task_queues.js:93:5)
    at async handleMessage (C:\Users\yes-nb-072\AppData\Roaming\npm\node_modules\firebase-tools\lib\emulator\functionsEmulatorRuntime.js:716:20) {"metadata":{"emulator":{"name":"functions"},"message":"TypeError: Cannot read property 'region' of undefined\n    at Object.<anonymous> (C:\\Users\\yes-nb-072\\Desktop\\vf2\\functions\\index.js:4:40)\n    at Module._compile (internal/modules/cjs/loader.js:1063:30)\n    at Object.Module._extensions..js (internal/modules/cjs/loader.js:1092:10)\n    at Module.load (internal/modules/cjs/loader.js:928:32)\n    at Function.Module._load (internal/modules/cjs/loader.js:769:14)\n    at Module.require (internal/modules/cjs/loader.js:952:19)\n    at require (internal/modules/cjs/helpers.js:88:18)\n    at initializeRuntime (C:\\Users\\yes-nb-072\\AppData\\Roaming\\npm\\node_modules\\firebase-tools\\lib\\emulator\\functionsEmulatorRuntime.js:678:29)\n    at processTicksAndRejections (internal/process/task_queues.js:93:5)\n    at async handleMessage (C:\\Users\\yes-nb-072\\AppData\\Roaming\\npm\\node_modules\\firebase-tools\\lib\\emulator\\functionsEmulatorRuntime.js:716:20)"}}
[warn] !  We were unable to load your functions code. (see above) {"metadata":{"emulator":{"name":"functions"}}}
[debug] [2021-02-22T07:28:55.782Z] [worker-~diagnostic~-9746a1d8-8e0f-4a62-8175-93ac102d2502]: exited {"metadata":{"emulator":{"name":"functions"},"message":"[worker-~diagnostic~-9746a1d8-8e0f-4a62-8175-93ac102d2502]: exited"}}
[debug] [2021-02-22T07:28:55.782Z] [worker-~diagnostic~-9746a1d8-8e0f-4a62-8175-93ac102d2502]: FINISHED {"metadata":{"emulator":{"name":"functions"},"message":"[worker-~diagnostic~-9746a1d8-8e0f-4a62-8175-93ac102d2502]: FINISHED"}}
[debug] [2021-02-22T07:31:58.123Z] File C:\Users\yes-nb-072\Desktop\vf2\functions\index.js changed, reloading triggers {"metadata":{"emulator":{"name":"functions"},"message":"File C:\\Users\\yes-nb-072\\Desktop\\vf2\\functions\\index.js changed, reloading triggers"}}
[debug] [2021-02-22T07:31:59.124Z] [worker-pool] Cleaned up workers for ~diagnostic~: 1 --> 0 {"metadata":{"emulator":{"name":"functions"},"message":"[worker-pool] Cleaned up workers for ~diagnostic~: 1 --> 0"}}
[debug] [2021-02-22T07:31:59.131Z] [worker-pool] addWorker(~diagnostic~) {"metadata":{"emulator":{"name":"functions"},"message":"[worker-pool] addWorker(~diagnostic~)"}}
[debug] [2021-02-22T07:31:59.131Z] [worker-pool] Adding worker with key ~diagnostic~, total=1 {"metadata":{"emulator":{"name":"functions"},"message":"[worker-pool] Adding worker with key ~diagnostic~, total=1"}}
[debug] [2021-02-22T07:31:59.131Z] [worker-pool] submitWork(triggerId=) {"metadata":{"emulator":{"name":"functions"},"message":"[worker-pool] submitWork(triggerId=)"}}
[debug] [2021-02-22T07:31:59.131Z] [worker-~diagnostic~-2dfc807c-0b64-41ee-984a-89989ba6ce94]: Assigning socketPath: \\?\pipe\C:\Users\yes-nb-072\Desktop\vf2\functions\8148 {"metadata":{"emulator":{"name":"functions"},"message":"[worker-~diagnostic~-2dfc807c-0b64-41ee-984a-89989ba6ce94]: Assigning socketPath: \\\\?\\pipe\\C:\\Users\\yes-nb-072\\Desktop\\vf2\\functions\\8148"}}
[debug] [2021-02-22T07:31:59.131Z] [worker-~diagnostic~-2dfc807c-0b64-41ee-984a-89989ba6ce94]: BUSY {"metadata":{"emulator":{"name":"functions"},"message":"[worker-~diagnostic~-2dfc807c-0b64-41ee-984a-89989ba6ce94]: BUSY"}}
[debug] [2021-02-22T07:31:59.547Z] [runtime-status] [8148] Functions runtime initialized. {"cwd":"C:\\Users\\yes-nb-072\\Desktop\\vf2\\functions","node_version":"14.15.4"} {"metadata":{"emulator":{"name":"functions"},"message":"[runtime-status] [8148] Functions runtime initialized. {\"cwd\":\"C:\\\\Users\\\\yes-nb-072\\\\Desktop\\\\vf2\\\\functions\",\"node_version\":\"14.15.4\"}"}}
[debug] [2021-02-22T07:31:59.549Z] [runtime-status] [8148] Disabled runtime features: undefined {"metadata":{"emulator":{"name":"functions"},"message":"[runtime-status] [8148] Disabled runtime features: undefined"}}
[debug] [2021-02-22T07:31:59.556Z] [runtime-status] [8148] Resolved module firebase-admin {"declared":true,"installed":true,"version":"9.5.0","resolution":"C:\\Users\\yes-nb-072\\Desktop\\vf2\\functions\\node_modules\\firebase-admin\\lib\\index.js"} {"metadata":{"emulator":{"name":"functions"},"message":"[runtime-status] [8148] Resolved module firebase-admin {\"declared\":true,\"installed\":true,\"version\":\"9.5.0\",\"resolution\":\"C:\\\\Users\\\\yes-nb-072\\\\Desktop\\\\vf2\\\\functions\\\\node_modules\\\\firebase-admin\\\\lib\\\\index.js\"}"}}
[debug] [2021-02-22T07:31:59.560Z] [runtime-status] [8148] Resolved module firebase-functions {"declared":true,"installed":true,"version":"3.13.1","resolution":"C:\\Users\\yes-nb-072\\Desktop\\vf2\\functions\\node_modules\\firebase-functions\\lib\\index.js"} {"metadata":{"emulator":{"name":"functions"},"message":"[runtime-status] [8148] Resolved module firebase-functions {\"declared\":true,\"installed\":true,\"version\":\"3.13.1\",\"resolution\":\"C:\\\\Users\\\\yes-nb-072\\\\Desktop\\\\vf2\\\\functions\\\\node_modules\\\\firebase-functions\\\\lib\\\\index.js\"}"}}
[debug] [2021-02-22T07:31:59.563Z] [runtime-status] [8148] Resolved module firebase-functions {"declared":true,"installed":true,"version":"3.13.1","resolution":"C:\\Users\\yes-nb-072\\Desktop\\vf2\\functions\\node_modules\\firebase-functions\\lib\\index.js"} {"metadata":{"emulator":{"name":"functions"},"message":"[runtime-status] [8148] Resolved module firebase-functions {\"declared\":true,\"installed\":true,\"version\":\"3.13.1\",\"resolution\":\"C:\\\\Users\\\\yes-nb-072\\\\Desktop\\\\vf2\\\\functions\\\\node_modules\\\\firebase-functions\\\\lib\\\\index.js\"}"}}
[debug] [2021-02-22T07:31:59.566Z] [runtime-status] [8148] Outgoing network have been stubbed. [{"name":"http","status":"mocked"},{"name":"http","status":"mocked"},{"name":"https","status":"mocked"},{"name":"https","status":"mocked"},{"name":"net","status":"mocked"}] {"metadata":{"emulator":{"name":"functions"},"message":"[runtime-status] [8148] Outgoing network have been stubbed. [{\"name\":\"http\",\"status\":\"mocked\"},{\"name\":\"http\",\"status\":\"mocked\"},{\"name\":\"https\",\"status\":\"mocked\"},{\"name\":\"https\",\"status\":\"mocked\"},{\"name\":\"net\",\"status\":\"mocked\"}]"}}
[debug] [2021-02-22T07:31:59.568Z] [runtime-status] [8148] Resolved module firebase-functions {"declared":true,"installed":true,"version":"3.13.1","resolution":"C:\\Users\\yes-nb-072\\Desktop\\vf2\\functions\\node_modules\\firebase-functions\\lib\\index.js"} {"metadata":{"emulator":{"name":"functions"},"message":"[runtime-status] [8148] Resolved module firebase-functions {\"declared\":true,\"installed\":true,\"version\":\"3.13.1\",\"resolution\":\"C:\\\\Users\\\\yes-nb-072\\\\Desktop\\\\vf2\\\\functions\\\\node_modules\\\\firebase-functions\\\\lib\\\\index.js\"}"}}
[debug] [2021-02-22T07:31:59.708Z] [runtime-status] [8148] Checked functions.config() {"config":{}} {"metadata":{"emulator":{"name":"functions"},"message":"[runtime-status] [8148] Checked functions.config() {\"config\":{}}"}}
[debug] [2021-02-22T07:31:59.709Z] [runtime-status] [8148] firebase-functions has been stubbed. {"functionsResolution":{"declared":true,"installed":true,"version":"3.13.1","resolution":"C:\\Users\\yes-nb-072\\Desktop\\vf2\\functions\\node_modules\\firebase-functions\\lib\\index.js"}} {"metadata":{"emulator":{"name":"functions"},"message":"[runtime-status] [8148] firebase-functions has been stubbed. {\"functionsResolution\":{\"declared\":true,\"installed\":true,\"version\":\"3.13.1\",\"resolution\":\"C:\\\\Users\\\\yes-nb-072\\\\Desktop\\\\vf2\\\\functions\\\\node_modules\\\\firebase-functions\\\\lib\\\\index.js\"}}"}}
[debug] [2021-02-22T07:31:59.710Z] [runtime-status] [8148] Resolved module firebase-functions {"declared":true,"installed":true,"version":"3.13.1","resolution":"C:\\Users\\yes-nb-072\\Desktop\\vf2\\functions\\node_modules\\firebase-functions\\lib\\index.js"} {"metadata":{"emulator":{"name":"functions"},"message":"[runtime-status] [8148] Resolved module firebase-functions {\"declared\":true,\"installed\":true,\"version\":\"3.13.1\",\"resolution\":\"C:\\\\Users\\\\yes-nb-072\\\\Desktop\\\\vf2\\\\functions\\\\node_modules\\\\firebase-functions\\\\lib\\\\index.js\"}"}}
[debug] [2021-02-22T07:31:59.729Z] [runtime-status] [8148] Resolved module firebase-admin {"declared":true,"installed":true,"version":"9.5.0","resolution":"C:\\Users\\yes-nb-072\\Desktop\\vf2\\functions\\node_modules\\firebase-admin\\lib\\index.js"} {"metadata":{"emulator":{"name":"functions"},"message":"[runtime-status] [8148] Resolved module firebase-admin {\"declared\":true,\"installed\":true,\"version\":\"9.5.0\",\"resolution\":\"C:\\\\Users\\\\yes-nb-072\\\\Desktop\\\\vf2\\\\functions\\\\node_modules\\\\firebase-admin\\\\lib\\\\index.js\"}"}}
[debug] [2021-02-22T07:31:59.729Z] [runtime-status] [8148] Resolved module firebase-functions {"declared":true,"installed":true,"version":"3.13.1","resolution":"C:\\Users\\yes-nb-072\\Desktop\\vf2\\functions\\node_modules\\firebase-functions\\lib\\index.js"} {"metadata":{"emulator":{"name":"functions"},"message":"[runtime-status] [8148] Resolved module firebase-functions {\"declared\":true,\"installed\":true,\"version\":\"3.13.1\",\"resolution\":\"C:\\\\Users\\\\yes-nb-072\\\\Desktop\\\\vf2\\\\functions\\\\node_modules\\\\firebase-functions\\\\lib\\\\index.js\"}"}}
[debug] [2021-02-22T07:31:59.730Z] [runtime-status] [8148] firebase-admin has been stubbed. {"adminResolution":{"declared":true,"installed":true,"version":"9.5.0","resolution":"C:\\Users\\yes-nb-072\\Desktop\\vf2\\functions\\node_modules\\firebase-admin\\lib\\index.js"}} {"metadata":{"emulator":{"name":"functions"},"message":"[runtime-status] [8148] firebase-admin has been stubbed. {\"adminResolution\":{\"declared\":true,\"installed\":true,\"version\":\"9.5.0\",\"resolution\":\"C:\\\\Users\\\\yes-nb-072\\\\Desktop\\\\vf2\\\\functions\\\\node_modules\\\\firebase-admin\\\\lib\\\\index.js\"}}"}}
[warn] !  TypeError: Cannot read property 'region' of undefined
    at Object.<anonymous> (C:\Users\yes-nb-072\Desktop\vf2\functions\index.js:4:40)
    at Module._compile (internal/modules/cjs/loader.js:1063:30)
    at Object.Module._extensions..js (internal/modules/cjs/loader.js:1092:10)
    at Module.load (internal/modules/cjs/loader.js:928:32)
    at Function.Module._load (internal/modules/cjs/loader.js:769:14)
    at Module.require (internal/modules/cjs/loader.js:952:19)
    at require (internal/modules/cjs/helpers.js:88:18)
    at initializeRuntime (C:\Users\yes-nb-072\AppData\Roaming\npm\node_modules\firebase-tools\lib\emulator\functionsEmulatorRuntime.js:678:29)
    at processTicksAndRejections (internal/process/task_queues.js:93:5)
    at async handleMessage (C:\Users\yes-nb-072\AppData\Roaming\npm\node_modules\firebase-tools\lib\emulator\functionsEmulatorRuntime.js:716:20) {"metadata":{"emulator":{"name":"functions"},"message":"TypeError: Cannot read property 'region' of undefined\n    at Object.<anonymous> (C:\\Users\\yes-nb-072\\Desktop\\vf2\\functions\\index.js:4:40)\n    at Module._compile (internal/modules/cjs/loader.js:1063:30)\n    at Object.Module._extensions..js (internal/modules/cjs/loader.js:1092:10)\n    at Module.load (internal/modules/cjs/loader.js:928:32)\n    at Function.Module._load (internal/modules/cjs/loader.js:769:14)\n    at Module.require (internal/modules/cjs/loader.js:952:19)\n    at require (internal/modules/cjs/helpers.js:88:18)\n    at initializeRuntime (C:\\Users\\yes-nb-072\\AppData\\Roaming\\npm\\node_modules\\firebase-tools\\lib\\emulator\\functionsEmulatorRuntime.js:678:29)\n    at processTicksAndRejections (internal/process/task_queues.js:93:5)\n    at async handleMessage (C:\\Users\\yes-nb-072\\AppData\\Roaming\\npm\\node_modules\\firebase-tools\\lib\\emulator\\functionsEmulatorRuntime.js:716:20)"}}
[warn] !  We were unable to load your functions code. (see above) {"metadata":{"emulator":{"name":"functions"}}}
[debug] [2021-02-22T07:31:59.819Z] [worker-~diagnostic~-2dfc807c-0b64-41ee-984a-89989ba6ce94]: exited {"metadata":{"emulator":{"name":"functions"},"message":"[worker-~diagnostic~-2dfc807c-0b64-41ee-984a-89989ba6ce94]: exited"}}
[debug] [2021-02-22T07:31:59.819Z] [worker-~diagnostic~-2dfc807c-0b64-41ee-984a-89989ba6ce94]: FINISHED {"metadata":{"emulator":{"name":"functions"},"message":"[worker-~diagnostic~-2dfc807c-0b64-41ee-984a-89989ba6ce94]: FINISHED"}}
[debug] [2021-02-22T07:32:35.009Z] File C:\Users\yes-nb-072\Desktop\vf2\functions\index.js changed, reloading triggers {"metadata":{"emulator":{"name":"functions"},"message":"File C:\\Users\\yes-nb-072\\Desktop\\vf2\\functions\\index.js changed, reloading triggers"}}
[debug] [2021-02-22T07:32:36.009Z] [worker-pool] Cleaned up workers for ~diagnostic~: 1 --> 0 {"metadata":{"emulator":{"name":"functions"},"message":"[worker-pool] Cleaned up workers for ~diagnostic~: 1 --> 0"}}
[debug] [2021-02-22T07:32:36.013Z] [worker-pool] addWorker(~diagnostic~) {"metadata":{"emulator":{"name":"functions"},"message":"[worker-pool] addWorker(~diagnostic~)"}}
[debug] [2021-02-22T07:32:36.013Z] [worker-pool] Adding worker with key ~diagnostic~, total=1 {"metadata":{"emulator":{"name":"functions"},"message":"[worker-pool] Adding worker with key ~diagnostic~, total=1"}}
[debug] [2021-02-22T07:32:36.013Z] [worker-pool] submitWork(triggerId=) {"metadata":{"emulator":{"name":"functions"},"message":"[worker-pool] submitWork(triggerId=)"}}
[debug] [2021-02-22T07:32:36.014Z] [worker-~diagnostic~-56b03772-1fcd-4df6-836d-4065ea220ddb]: Assigning socketPath: \\?\pipe\C:\Users\yes-nb-072\Desktop\vf2\functions\7704 {"metadata":{"emulator":{"name":"functions"},"message":"[worker-~diagnostic~-56b03772-1fcd-4df6-836d-4065ea220ddb]: Assigning socketPath: \\\\?\\pipe\\C:\\Users\\yes-nb-072\\Desktop\\vf2\\functions\\7704"}}
[debug] [2021-02-22T07:32:36.014Z] [worker-~diagnostic~-56b03772-1fcd-4df6-836d-4065ea220ddb]: BUSY {"metadata":{"emulator":{"name":"functions"},"message":"[worker-~diagnostic~-56b03772-1fcd-4df6-836d-4065ea220ddb]: BUSY"}}
[debug] [2021-02-22T07:32:36.527Z] [runtime-status] [7704] Functions runtime initialized. {"cwd":"C:\\Users\\yes-nb-072\\Desktop\\vf2\\functions","node_version":"14.15.4"} {"metadata":{"emulator":{"name":"functions"},"message":"[runtime-status] [7704] Functions runtime initialized. {\"cwd\":\"C:\\\\Users\\\\yes-nb-072\\\\Desktop\\\\vf2\\\\functions\",\"node_version\":\"14.15.4\"}"}}
[debug] [2021-02-22T07:32:36.532Z] [runtime-status] [7704] Disabled runtime features: undefined {"metadata":{"emulator":{"name":"functions"},"message":"[runtime-status] [7704] Disabled runtime features: undefined"}}
[debug] [2021-02-22T07:32:36.541Z] [runtime-status] [7704] Resolved module firebase-admin {"declared":true,"installed":true,"version":"9.5.0","resolution":"C:\\Users\\yes-nb-072\\Desktop\\vf2\\functions\\node_modules\\firebase-admin\\lib\\index.js"} {"metadata":{"emulator":{"name":"functions"},"message":"[runtime-status] [7704] Resolved module firebase-admin {\"declared\":true,\"installed\":true,\"version\":\"9.5.0\",\"resolution\":\"C:\\\\Users\\\\yes-nb-072\\\\Desktop\\\\vf2\\\\functions\\\\node_modules\\\\firebase-admin\\\\lib\\\\index.js\"}"}}
[debug] [2021-02-22T07:32:36.545Z] [runtime-status] [7704] Resolved module firebase-functions {"declared":true,"installed":true,"version":"3.13.1","resolution":"C:\\Users\\yes-nb-072\\Desktop\\vf2\\functions\\node_modules\\firebase-functions\\lib\\index.js"} {"metadata":{"emulator":{"name":"functions"},"message":"[runtime-status] [7704] Resolved module firebase-functions {\"declared\":true,\"installed\":true,\"version\":\"3.13.1\",\"resolution\":\"C:\\\\Users\\\\yes-nb-072\\\\Desktop\\\\vf2\\\\functions\\\\node_modules\\\\firebase-functions\\\\lib\\\\index.js\"}"}}
[debug] [2021-02-22T07:32:36.548Z] [runtime-status] [7704] Resolved module firebase-functions {"declared":true,"installed":true,"version":"3.13.1","resolution":"C:\\Users\\yes-nb-072\\Desktop\\vf2\\functions\\node_modules\\firebase-functions\\lib\\index.js"} {"metadata":{"emulator":{"name":"functions"},"message":"[runtime-status] [7704] Resolved module firebase-functions {\"declared\":true,\"installed\":true,\"version\":\"3.13.1\",\"resolution\":\"C:\\\\Users\\\\yes-nb-072\\\\Desktop\\\\vf2\\\\functions\\\\node_modules\\\\firebase-functions\\\\lib\\\\index.js\"}"}}
[debug] [2021-02-22T07:32:36.551Z] [runtime-status] [7704] Outgoing network have been stubbed. [{"name":"http","status":"mocked"},{"name":"http","status":"mocked"},{"name":"https","status":"mocked"},{"name":"https","status":"mocked"},{"name":"net","status":"mocked"}] {"metadata":{"emulator":{"name":"functions"},"message":"[runtime-status] [7704] Outgoing network have been stubbed. [{\"name\":\"http\",\"status\":\"mocked\"},{\"name\":\"http\",\"status\":\"mocked\"},{\"name\":\"https\",\"status\":\"mocked\"},{\"name\":\"https\",\"status\":\"mocked\"},{\"name\":\"net\",\"status\":\"mocked\"}]"}}
[debug] [2021-02-22T07:32:36.552Z] [runtime-status] [7704] Resolved module firebase-functions {"declared":true,"installed":true,"version":"3.13.1","resolution":"C:\\Users\\yes-nb-072\\Desktop\\vf2\\functions\\node_modules\\firebase-functions\\lib\\index.js"} {"metadata":{"emulator":{"name":"functions"},"message":"[runtime-status] [7704] Resolved module firebase-functions {\"declared\":true,\"installed\":true,\"version\":\"3.13.1\",\"resolution\":\"C:\\\\Users\\\\yes-nb-072\\\\Desktop\\\\vf2\\\\functions\\\\node_modules\\\\firebase-functions\\\\lib\\\\index.js\"}"}}
[debug] [2021-02-22T07:32:36.653Z] [runtime-status] [7704] Checked functions.config() {"config":{}} {"metadata":{"emulator":{"name":"functions"},"message":"[runtime-status] [7704] Checked functions.config() {\"config\":{}}"}}
[debug] [2021-02-22T07:32:36.654Z] [runtime-status] [7704] firebase-functions has been stubbed. {"functionsResolution":{"declared":true,"installed":true,"version":"3.13.1","resolution":"C:\\Users\\yes-nb-072\\Desktop\\vf2\\functions\\node_modules\\firebase-functions\\lib\\index.js"}} {"metadata":{"emulator":{"name":"functions"},"message":"[runtime-status] [7704] firebase-functions has been stubbed. {\"functionsResolution\":{\"declared\":true,\"installed\":true,\"version\":\"3.13.1\",\"resolution\":\"C:\\\\Users\\\\yes-nb-072\\\\Desktop\\\\vf2\\\\functions\\\\node_modules\\\\firebase-functions\\\\lib\\\\index.js\"}}"}}
[debug] [2021-02-22T07:32:36.655Z] [runtime-status] [7704] Resolved module firebase-functions {"declared":true,"installed":true,"version":"3.13.1","resolution":"C:\\Users\\yes-nb-072\\Desktop\\vf2\\functions\\node_modules\\firebase-functions\\lib\\index.js"} {"metadata":{"emulator":{"name":"functions"},"message":"[runtime-status] [7704] Resolved module firebase-functions {\"declared\":true,\"installed\":true,\"version\":\"3.13.1\",\"resolution\":\"C:\\\\Users\\\\yes-nb-072\\\\Desktop\\\\vf2\\\\functions\\\\node_modules\\\\firebase-functions\\\\lib\\\\index.js\"}"}}
[debug] [2021-02-22T07:32:36.657Z] [runtime-status] [7704] Resolved module firebase-admin {"declared":true,"installed":true,"version":"9.5.0","resolution":"C:\\Users\\yes-nb-072\\Desktop\\vf2\\functions\\node_modules\\firebase-admin\\lib\\index.js"} {"metadata":{"emulator":{"name":"functions"},"message":"[runtime-status] [7704] Resolved module firebase-admin {\"declared\":true,\"installed\":true,\"version\":\"9.5.0\",\"resolution\":\"C:\\\\Users\\\\yes-nb-072\\\\Desktop\\\\vf2\\\\functions\\\\node_modules\\\\firebase-admin\\\\lib\\\\index.js\"}"}}
[debug] [2021-02-22T07:32:36.657Z] [runtime-status] [7704] Resolved module firebase-functions {"declared":true,"installed":true,"version":"3.13.1","resolution":"C:\\Users\\yes-nb-072\\Desktop\\vf2\\functions\\node_modules\\firebase-functions\\lib\\index.js"} {"metadata":{"emulator":{"name":"functions"},"message":"[runtime-status] [7704] Resolved module firebase-functions {\"declared\":true,\"installed\":true,\"version\":\"3.13.1\",\"resolution\":\"C:\\\\Users\\\\yes-nb-072\\\\Desktop\\\\vf2\\\\functions\\\\node_modules\\\\firebase-functions\\\\lib\\\\index.js\"}"}}
[debug] [2021-02-22T07:32:36.658Z] [runtime-status] [7704] firebase-admin has been stubbed. {"adminResolution":{"declared":true,"installed":true,"version":"9.5.0","resolution":"C:\\Users\\yes-nb-072\\Desktop\\vf2\\functions\\node_modules\\firebase-admin\\lib\\index.js"}} {"metadata":{"emulator":{"name":"functions"},"message":"[runtime-status] [7704] firebase-admin has been stubbed. {\"adminResolution\":{\"declared\":true,\"installed\":true,\"version\":\"9.5.0\",\"resolution\":\"C:\\\\Users\\\\yes-nb-072\\\\Desktop\\\\vf2\\\\functions\\\\node_modules\\\\firebase-admin\\\\lib\\\\index.js\"}}"}}
[warn] !  TypeError: Cannot read property 'region' of undefined
    at Object.<anonymous> (C:\Users\yes-nb-072\Desktop\vf2\functions\index.js:4:40)
    at Module._compile (internal/modules/cjs/loader.js:1063:30)
    at Object.Module._extensions..js (internal/modules/cjs/loader.js:1092:10)
    at Module.load (internal/modules/cjs/loader.js:928:32)
    at Function.Module._load (internal/modules/cjs/loader.js:769:14)
    at Module.require (internal/modules/cjs/loader.js:952:19)
    at require (internal/modules/cjs/helpers.js:88:18)
    at initializeRuntime (C:\Users\yes-nb-072\AppData\Roaming\npm\node_modules\firebase-tools\lib\emulator\functionsEmulatorRuntime.js:678:29)
    at processTicksAndRejections (internal/process/task_queues.js:93:5)
    at async handleMessage (C:\Users\yes-nb-072\AppData\Roaming\npm\node_modules\firebase-tools\lib\emulator\functionsEmulatorRuntime.js:716:20) {"metadata":{"emulator":{"name":"functions"},"message":"TypeError: Cannot read property 'region' of undefined\n    at Object.<anonymous> (C:\\Users\\yes-nb-072\\Desktop\\vf2\\functions\\index.js:4:40)\n    at Module._compile (internal/modules/cjs/loader.js:1063:30)\n    at Object.Module._extensions..js (internal/modules/cjs/loader.js:1092:10)\n    at Module.load (internal/modules/cjs/loader.js:928:32)\n    at Function.Module._load (internal/modules/cjs/loader.js:769:14)\n    at Module.require (internal/modules/cjs/loader.js:952:19)\n    at require (internal/modules/cjs/helpers.js:88:18)\n    at initializeRuntime (C:\\Users\\yes-nb-072\\AppData\\Roaming\\npm\\node_modules\\firebase-tools\\lib\\emulator\\functionsEmulatorRuntime.js:678:29)\n    at processTicksAndRejections (internal/process/task_queues.js:93:5)\n    at async handleMessage (C:\\Users\\yes-nb-072\\AppData\\Roaming\\npm\\node_modules\\firebase-tools\\lib\\emulator\\functionsEmulatorRuntime.js:716:20)"}}
[warn] !  We were unable to load your functions code. (see above) {"metadata":{"emulator":{"name":"functions"}}}
[debug] [2021-02-22T07:32:36.684Z] [worker-~diagnostic~-56b03772-1fcd-4df6-836d-4065ea220ddb]: exited {"metadata":{"emulator":{"name":"functions"},"message":"[worker-~diagnostic~-56b03772-1fcd-4df6-836d-4065ea220ddb]: exited"}}
[debug] [2021-02-22T07:32:36.685Z] [worker-~diagnostic~-56b03772-1fcd-4df6-836d-4065ea220ddb]: FINISHED {"metadata":{"emulator":{"name":"functions"},"message":"[worker-~diagnostic~-56b03772-1fcd-4df6-836d-4065ea220ddb]: FINISHED"}}
[debug] [2021-02-22T07:35:01.913Z] File C:\Users\yes-nb-072\Desktop\vf2\functions\index.js changed, reloading triggers {"metadata":{"emulator":{"name":"functions"},"message":"File C:\\Users\\yes-nb-072\\Desktop\\vf2\\functions\\index.js changed, reloading triggers"}}
[debug] [2021-02-22T07:35:02.914Z] [worker-pool] Cleaned up workers for ~diagnostic~: 1 --> 0 {"metadata":{"emulator":{"name":"functions"},"message":"[worker-pool] Cleaned up workers for ~diagnostic~: 1 --> 0"}}
[debug] [2021-02-22T07:35:02.918Z] [worker-pool] addWorker(~diagnostic~) {"metadata":{"emulator":{"name":"functions"},"message":"[worker-pool] addWorker(~diagnostic~)"}}
[debug] [2021-02-22T07:35:02.918Z] [worker-pool] Adding worker with key ~diagnostic~, total=1 {"metadata":{"emulator":{"name":"functions"},"message":"[worker-pool] Adding worker with key ~diagnostic~, total=1"}}
[debug] [2021-02-22T07:35:02.918Z] [worker-pool] submitWork(triggerId=) {"metadata":{"emulator":{"name":"functions"},"message":"[worker-pool] submitWork(triggerId=)"}}
[debug] [2021-02-22T07:35:02.918Z] [worker-~diagnostic~-d6fcb57b-a017-4183-9fa2-0485af051536]: Assigning socketPath: \\?\pipe\C:\Users\yes-nb-072\Desktop\vf2\functions\9592 {"metadata":{"emulator":{"name":"functions"},"message":"[worker-~diagnostic~-d6fcb57b-a017-4183-9fa2-0485af051536]: Assigning socketPath: \\\\?\\pipe\\C:\\Users\\yes-nb-072\\Desktop\\vf2\\functions\\9592"}}
[debug] [2021-02-22T07:35:02.918Z] [worker-~diagnostic~-d6fcb57b-a017-4183-9fa2-0485af051536]: BUSY {"metadata":{"emulator":{"name":"functions"},"message":"[worker-~diagnostic~-d6fcb57b-a017-4183-9fa2-0485af051536]: BUSY"}}
[debug] [2021-02-22T07:35:03.321Z] [runtime-status] [9592] Functions runtime initialized. {"cwd":"C:\\Users\\yes-nb-072\\Desktop\\vf2\\functions","node_version":"14.15.4"} {"metadata":{"emulator":{"name":"functions"},"message":"[runtime-status] [9592] Functions runtime initialized. {\"cwd\":\"C:\\\\Users\\\\yes-nb-072\\\\Desktop\\\\vf2\\\\functions\",\"node_version\":\"14.15.4\"}"}}
[debug] [2021-02-22T07:35:03.322Z] [runtime-status] [9592] Disabled runtime features: undefined {"metadata":{"emulator":{"name":"functions"},"message":"[runtime-status] [9592] Disabled runtime features: undefined"}}
[debug] [2021-02-22T07:35:03.329Z] [runtime-status] [9592] Resolved module firebase-admin {"declared":true,"installed":true,"version":"9.5.0","resolution":"C:\\Users\\yes-nb-072\\Desktop\\vf2\\functions\\node_modules\\firebase-admin\\lib\\index.js"} {"metadata":{"emulator":{"name":"functions"},"message":"[runtime-status] [9592] Resolved module firebase-admin {\"declared\":true,\"installed\":true,\"version\":\"9.5.0\",\"resolution\":\"C:\\\\Users\\\\yes-nb-072\\\\Desktop\\\\vf2\\\\functions\\\\node_modules\\\\firebase-admin\\\\lib\\\\index.js\"}"}}
[debug] [2021-02-22T07:35:03.333Z] [runtime-status] [9592] Resolved module firebase-functions {"declared":true,"installed":true,"version":"3.13.1","resolution":"C:\\Users\\yes-nb-072\\Desktop\\vf2\\functions\\node_modules\\firebase-functions\\lib\\index.js"} {"metadata":{"emulator":{"name":"functions"},"message":"[runtime-status] [9592] Resolved module firebase-functions {\"declared\":true,\"installed\":true,\"version\":\"3.13.1\",\"resolution\":\"C:\\\\Users\\\\yes-nb-072\\\\Desktop\\\\vf2\\\\functions\\\\node_modules\\\\firebase-functions\\\\lib\\\\index.js\"}"}}
[debug] [2021-02-22T07:35:03.336Z] [runtime-status] [9592] Resolved module firebase-functions {"declared":true,"installed":true,"version":"3.13.1","resolution":"C:\\Users\\yes-nb-072\\Desktop\\vf2\\functions\\node_modules\\firebase-functions\\lib\\index.js"} {"metadata":{"emulator":{"name":"functions"},"message":"[runtime-status] [9592] Resolved module firebase-functions {\"declared\":true,\"installed\":true,\"version\":\"3.13.1\",\"resolution\":\"C:\\\\Users\\\\yes-nb-072\\\\Desktop\\\\vf2\\\\functions\\\\node_modules\\\\firebase-functions\\\\lib\\\\index.js\"}"}}
[debug] [2021-02-22T07:35:03.338Z] [runtime-status] [9592] Outgoing network have been stubbed. [{"name":"http","status":"mocked"},{"name":"http","status":"mocked"},{"name":"https","status":"mocked"},{"name":"https","status":"mocked"},{"name":"net","status":"mocked"}] {"metadata":{"emulator":{"name":"functions"},"message":"[runtime-status] [9592] Outgoing network have been stubbed. [{\"name\":\"http\",\"status\":\"mocked\"},{\"name\":\"http\",\"status\":\"mocked\"},{\"name\":\"https\",\"status\":\"mocked\"},{\"name\":\"https\",\"status\":\"mocked\"},{\"name\":\"net\",\"status\":\"mocked\"}]"}}
[debug] [2021-02-22T07:35:03.339Z] [runtime-status] [9592] Resolved module firebase-functions {"declared":true,"installed":true,"version":"3.13.1","resolution":"C:\\Users\\yes-nb-072\\Desktop\\vf2\\functions\\node_modules\\firebase-functions\\lib\\index.js"} {"metadata":{"emulator":{"name":"functions"},"message":"[runtime-status] [9592] Resolved module firebase-functions {\"declared\":true,\"installed\":true,\"version\":\"3.13.1\",\"resolution\":\"C:\\\\Users\\\\yes-nb-072\\\\Desktop\\\\vf2\\\\functions\\\\node_modules\\\\firebase-functions\\\\lib\\\\index.js\"}"}}
[debug] [2021-02-22T07:35:03.431Z] [runtime-status] [9592] Checked functions.config() {"config":{}} {"metadata":{"emulator":{"name":"functions"},"message":"[runtime-status] [9592] Checked functions.config() {\"config\":{}}"}}
[debug] [2021-02-22T07:35:03.431Z] [runtime-status] [9592] firebase-functions has been stubbed. {"functionsResolution":{"declared":true,"installed":true,"version":"3.13.1","resolution":"C:\\Users\\yes-nb-072\\Desktop\\vf2\\functions\\node_modules\\firebase-functions\\lib\\index.js"}} {"metadata":{"emulator":{"name":"functions"},"message":"[runtime-status] [9592] firebase-functions has been stubbed. {\"functionsResolution\":{\"declared\":true,\"installed\":true,\"version\":\"3.13.1\",\"resolution\":\"C:\\\\Users\\\\yes-nb-072\\\\Desktop\\\\vf2\\\\functions\\\\node_modules\\\\firebase-functions\\\\lib\\\\index.js\"}}"}}
[debug] [2021-02-22T07:35:03.433Z] [runtime-status] [9592] Resolved module firebase-functions {"declared":true,"installed":true,"version":"3.13.1","resolution":"C:\\Users\\yes-nb-072\\Desktop\\vf2\\functions\\node_modules\\firebase-functions\\lib\\index.js"} {"metadata":{"emulator":{"name":"functions"},"message":"[runtime-status] [9592] Resolved module firebase-functions {\"declared\":true,\"installed\":true,\"version\":\"3.13.1\",\"resolution\":\"C:\\\\Users\\\\yes-nb-072\\\\Desktop\\\\vf2\\\\functions\\\\node_modules\\\\firebase-functions\\\\lib\\\\index.js\"}"}}
[debug] [2021-02-22T07:35:03.435Z] [runtime-status] [9592] Resolved module firebase-admin {"declared":true,"installed":true,"version":"9.5.0","resolution":"C:\\Users\\yes-nb-072\\Desktop\\vf2\\functions\\node_modules\\firebase-admin\\lib\\index.js"} {"metadata":{"emulator":{"name":"functions"},"message":"[runtime-status] [9592] Resolved module firebase-admin {\"declared\":true,\"installed\":true,\"version\":\"9.5.0\",\"resolution\":\"C:\\\\Users\\\\yes-nb-072\\\\Desktop\\\\vf2\\\\functions\\\\node_modules\\\\firebase-admin\\\\lib\\\\index.js\"}"}}
[debug] [2021-02-22T07:35:03.436Z] [runtime-status] [9592] Resolved module firebase-functions {"declared":true,"installed":true,"version":"3.13.1","resolution":"C:\\Users\\yes-nb-072\\Desktop\\vf2\\functions\\node_modules\\firebase-functions\\lib\\index.js"} {"metadata":{"emulator":{"name":"functions"},"message":"[runtime-status] [9592] Resolved module firebase-functions {\"declared\":true,\"installed\":true,\"version\":\"3.13.1\",\"resolution\":\"C:\\\\Users\\\\yes-nb-072\\\\Desktop\\\\vf2\\\\functions\\\\node_modules\\\\firebase-functions\\\\lib\\\\index.js\"}"}}
[debug] [2021-02-22T07:35:03.437Z] [runtime-status] [9592] firebase-admin has been stubbed. {"adminResolution":{"declared":true,"installed":true,"version":"9.5.0","resolution":"C:\\Users\\yes-nb-072\\Desktop\\vf2\\functions\\node_modules\\firebase-admin\\lib\\index.js"}} {"metadata":{"emulator":{"name":"functions"},"message":"[runtime-status] [9592] firebase-admin has been stubbed. {\"adminResolution\":{\"declared\":true,\"installed\":true,\"version\":\"9.5.0\",\"resolution\":\"C:\\\\Users\\\\yes-nb-072\\\\Desktop\\\\vf2\\\\functions\\\\node_modules\\\\firebase-admin\\\\lib\\\\index.js\"}}"}}
[warn] !  TypeError: Cannot read property 'region' of undefined
    at Object.<anonymous> (C:\Users\yes-nb-072\Desktop\vf2\functions\index.js:4:40)
    at Module._compile (internal/modules/cjs/loader.js:1063:30)
    at Object.Module._extensions..js (internal/modules/cjs/loader.js:1092:10)
    at Module.load (internal/modules/cjs/loader.js:928:32)
    at Function.Module._load (internal/modules/cjs/loader.js:769:14)
    at Module.require (internal/modules/cjs/loader.js:952:19)
    at require (internal/modules/cjs/helpers.js:88:18)
    at initializeRuntime (C:\Users\yes-nb-072\AppData\Roaming\npm\node_modules\firebase-tools\lib\emulator\functionsEmulatorRuntime.js:678:29)
    at processTicksAndRejections (internal/process/task_queues.js:93:5)
    at async handleMessage (C:\Users\yes-nb-072\AppData\Roaming\npm\node_modules\firebase-tools\lib\emulator\functionsEmulatorRuntime.js:716:20) {"metadata":{"emulator":{"name":"functions"},"message":"TypeError: Cannot read property 'region' of undefined\n    at Object.<anonymous> (C:\\Users\\yes-nb-072\\Desktop\\vf2\\functions\\index.js:4:40)\n    at Module._compile (internal/modules/cjs/loader.js:1063:30)\n    at Object.Module._extensions..js (internal/modules/cjs/loader.js:1092:10)\n    at Module.load (internal/modules/cjs/loader.js:928:32)\n    at Function.Module._load (internal/modules/cjs/loader.js:769:14)\n    at Module.require (internal/modules/cjs/loader.js:952:19)\n    at require (internal/modules/cjs/helpers.js:88:18)\n    at initializeRuntime (C:\\Users\\yes-nb-072\\AppData\\Roaming\\npm\\node_modules\\firebase-tools\\lib\\emulator\\functionsEmulatorRuntime.js:678:29)\n    at processTicksAndRejections (internal/process/task_queues.js:93:5)\n    at async handleMessage (C:\\Users\\yes-nb-072\\AppData\\Roaming\\npm\\node_modules\\firebase-tools\\lib\\emulator\\functionsEmulatorRuntime.js:716:20)"}}
[warn] !  We were unable to load your functions code. (see above) {"metadata":{"emulator":{"name":"functions"}}}
[debug] [2021-02-22T07:35:03.485Z] [worker-~diagnostic~-d6fcb57b-a017-4183-9fa2-0485af051536]: exited {"metadata":{"emulator":{"name":"functions"},"message":"[worker-~diagnostic~-d6fcb57b-a017-4183-9fa2-0485af051536]: exited"}}
[debug] [2021-02-22T07:35:03.485Z] [worker-~diagnostic~-d6fcb57b-a017-4183-9fa2-0485af051536]: FINISHED {"metadata":{"emulator":{"name":"functions"},"message":"[worker-~diagnostic~-d6fcb57b-a017-4183-9fa2-0485af051536]: FINISHED"}}
